2020-08-14 07:01:49.628 INFO  WARNING!!!!!!! 
2020-08-14 07:01:49.629 INFO  -> newdb : It will delete the database (if exists) and recreate. I hope you know what you doing. 
2020-08-14 07:01:49.629 INFO  Method: constructor: DBService constructor 
2020-08-14 07:01:49.638 INFO  The server is running on port 5000 
2020-08-14 07:01:49.639 INFO  Connected to ssi-infa database. DB path = /home/vishwas/work/pki-auth/server/db/app.db 
2020-08-14 07:02:05.145 INFO  No argument passed. Proceeding with default params 
2020-08-14 07:02:05.154 INFO  The server is running on port 5000 
2020-08-14 07:02:05.155 INFO  Connected to ssi-infa database. DB path = /home/vishwas/work/pki-auth/server/db/app.db 
2020-08-14 07:03:22.406 INFO  Method: constructor: DBService constructor 
2020-08-14 07:03:22.407 INFO  Method: Get: schema type is USER 
2020-08-14 07:03:22.407 INFO  Before fetching the user query = SELECT * FROM User WHERE  username = ? AND password = ? AND publicKey = ?  
2020-08-14 07:03:22.432 INFO  Method: Get: schema type is USER 
2020-08-14 07:03:22.432 INFO  Before fetching the user query = SELECT * FROM User WHERE  publicKey = ?  
2020-08-14 07:03:42.286 INFO  Method: constructor: DBService constructor 
2020-08-14 07:03:42.287 INFO  Method: Get: schema type is USER 
2020-08-14 07:03:42.287 INFO  Before fetching the user query = SELECT * FROM User WHERE  username = ? AND password = ? AND publicKey = ?  
2020-08-14 07:03:42.325 INFO  Method: Get: schema type is USER 
2020-08-14 07:03:42.325 INFO  Before fetching the user query = SELECT * FROM User WHERE  publicKey = ?  
2020-08-14 07:03:52.020 INFO  Method: constructor: DBService constructor 
2020-08-14 07:03:52.020 INFO  Method: Get: schema type is USER 
2020-08-14 07:03:52.020 INFO  Before fetching the user query = SELECT * FROM User WHERE  username = ? AND password = ? AND publicKey = ?  
2020-08-18 07:26:49.851 INFO  No argument passed. Proceeding with default params 
2020-08-18 07:26:49.859 INFO  The server is running on port 6000 
2020-08-18 07:26:49.860 INFO  Connected to ssi-infa database. DB path = /home/vishwas/work/pki-auth/examples/website/server/db/app.db 
2020-08-18 07:34:12.499 INFO  No argument passed. Proceeding with default params 
2020-08-18 07:34:12.508 INFO  The server is running on port 6000 
2020-08-18 07:34:12.509 INFO  Connected to ssi-infa database. DB path = /home/vishwas/work/pki-auth/examples/website/server/db/app.db 
2020-08-18 07:34:19.807 INFO  No argument passed. Proceeding with default params 
2020-08-18 07:34:19.818 INFO  The server is running on port 6000 
2020-08-18 07:34:19.820 INFO  Connected to ssi-infa database. DB path = /home/vishwas/work/pki-auth/examples/website/server/db/app.db 
2020-08-18 07:35:50.882 INFO  No argument passed. Proceeding with default params 
2020-08-18 07:35:50.890 INFO  The server is running on port 6000 
2020-08-18 07:35:50.892 INFO  Connected to ssi-infa database. DB path = /home/vishwas/work/pki-auth/examples/website/server/db/app.db 
2020-08-18 07:36:38.439 INFO  No argument passed. Proceeding with default params 
2020-08-18 07:36:38.449 INFO  The server is running on port 6000 
2020-08-18 07:36:38.450 INFO  Connected to ssi-infa database. DB path = /home/vishwas/work/pki-auth/examples/website/server/db/app.db 
2020-08-18 07:37:38.549 INFO  No argument passed. Proceeding with default params 
2020-08-18 07:37:38.559 INFO  The server is running on port 6000 
2020-08-18 07:37:38.560 INFO  Connected to ssi-infa database. DB path = /home/vishwas/work/pki-auth/examples/website/server/db/app.db 
2020-08-18 07:38:05.304 INFO  No argument passed. Proceeding with default params 
2020-08-18 07:38:05.316 INFO  The server is running on port 6000 
2020-08-18 07:38:05.319 INFO  Connected to ssi-infa database. DB path = /home/vishwas/work/pki-auth/examples/website/server/db/app.db 
2020-08-18 07:38:19.219 INFO  No argument passed. Proceeding with default params 
2020-08-18 07:38:19.229 INFO  The server is running on port 6000 
2020-08-18 07:38:19.230 INFO  Connected to ssi-infa database. DB path = /home/vishwas/work/pki-auth/examples/website/server/db/app.db 
2020-08-18 07:42:48.526 INFO  No argument passed. Proceeding with default params 
2020-08-18 07:42:48.537 INFO  The server is running on port 6000 
2020-08-18 07:42:48.539 INFO  Connected to ssi-infa database. DB path = /home/vishwas/work/pki-auth/examples/website/server/db/app.db 
2020-08-18 07:45:23.356 INFO  No argument passed. Proceeding with default params 
2020-08-18 07:45:23.366 INFO  The server is running on port 6000 
2020-08-18 07:45:23.368 INFO  Connected to ssi-infa database. DB path = /home/vishwas/work/pki-auth/examples/website/server/db/app.db 
2020-08-18 07:46:59.725 INFO  No argument passed. Proceeding with default params 
2020-08-18 07:46:59.735 INFO  The server is running on port 6000 
2020-08-18 07:46:59.736 INFO  Connected to ssi-infa database. DB path = /home/vishwas/work/pki-auth/examples/website/server/db/app.db 
2020-08-18 07:47:10.830 INFO  No argument passed. Proceeding with default params 
2020-08-18 07:47:10.839 INFO  The server is running on port 6000 
2020-08-18 07:47:10.840 INFO  Connected to ssi-infa database. DB path = /home/vishwas/work/pki-auth/examples/website/server/db/app.db 
2020-08-18 07:48:38.596 INFO  No argument passed. Proceeding with default params 
2020-08-18 07:48:38.605 INFO  The server is running on port 6000 
2020-08-18 07:48:38.606 INFO  Connected to ssi-infa database. DB path = /home/vishwas/work/pki-auth/examples/website/server/db/app.db 
2020-08-18 07:52:31.236 INFO  No argument passed. Proceeding with default params 
2020-08-18 07:52:31.246 INFO  The server is running on port 6000 
2020-08-18 07:52:31.249 INFO  Connected to ssi-infa database. DB path = /home/vishwas/work/pki-auth/examples/website/server/db/app.db 
2020-08-18 07:52:42.655 INFO  No argument passed. Proceeding with default params 
2020-08-18 07:52:42.663 INFO  The server is running on port 6000 
2020-08-18 07:52:42.664 INFO  Connected to ssi-infa database. DB path = /home/vishwas/work/pki-auth/examples/website/server/db/app.db 
2020-08-18 07:53:40.197 INFO  No argument passed. Proceeding with default params 
2020-08-18 07:53:40.205 INFO  The server is running on port 6000 
2020-08-18 07:53:40.207 INFO  Connected to ssi-infa database. DB path = /home/vishwas/work/pki-auth/examples/website/server/db/app.db 
2020-08-18 07:54:54.443 INFO  No argument passed. Proceeding with default params 
2020-08-18 07:54:54.454 INFO  The server is running on port 6000 
2020-08-18 07:54:54.455 INFO  Connected to ssi-infa database. DB path = /home/vishwas/work/pki-auth/examples/website/server/db/app.db 
2020-08-18 07:55:40.578 INFO  No argument passed. Proceeding with default params 
2020-08-18 07:55:40.587 INFO  The server is running on port 6000 
2020-08-18 07:55:40.588 INFO  Connected to ssi-infa database. DB path = /home/vishwas/work/pki-auth/examples/website/server/db/app.db 
2020-08-18 07:57:44.989 INFO  No argument passed. Proceeding with default params 
2020-08-18 07:57:45.000 INFO  The server is running on port 6000 
2020-08-18 07:57:45.001 INFO  Connected to ssi-infa database. DB path = /home/vishwas/work/pki-auth/examples/website/server/db/app.db 
2020-08-18 07:58:13.399 INFO  No argument passed. Proceeding with default params 
2020-08-18 07:58:13.407 INFO  The server is running on port 6000 
2020-08-18 07:58:13.408 INFO  Connected to ssi-infa database. DB path = /home/vishwas/work/pki-auth/examples/website/server/db/app.db 
2020-08-18 08:08:34.883 INFO  No argument passed. Proceeding with default params 
2020-08-18 08:08:34.891 INFO  The server is running on port 6000 
2020-08-18 08:08:34.893 INFO  Connected to ssi-infa database. DB path = /home/vishwas/work/pki-auth/examples/website/server/db/app.db 
2020-08-18 08:13:17.921 INFO  No argument passed. Proceeding with default params 
2020-08-18 08:13:17.931 INFO  The server is running on port 6000 
2020-08-18 08:13:17.933 INFO  Connected to ssi-infa database. DB path = /home/vishwas/work/pki-auth/examples/website/server/db/app.db 
2020-08-18 08:19:50.522 INFO  No argument passed. Proceeding with default params 
2020-08-18 08:19:50.530 INFO  The server is running on port 6000 
2020-08-18 08:19:50.531 INFO  Connected to ssi-infa database. DB path = /home/vishwas/work/pki-auth/examples/website/server/db/app.db 
2020-08-18 08:25:05.024 INFO  No argument passed. Proceeding with default params 
2020-08-18 08:25:05.032 INFO  The server is running on port 6000 
2020-08-18 08:25:05.034 INFO  Connected to ssi-infa database. DB path = /home/vishwas/work/pki-auth/examples/website/server/db/app.db 
2020-08-18 08:26:01.331 INFO  No argument passed. Proceeding with default params 
2020-08-18 08:26:01.341 INFO  The server is running on port 6000 
2020-08-18 08:26:01.343 INFO  Connected to ssi-infa database. DB path = /home/vishwas/work/pki-auth/examples/website/server/db/app.db 
2020-08-18 08:33:09.460 INFO  No argument passed. Proceeding with default params 
2020-08-18 08:33:09.470 INFO  The server is running on port 6000 
2020-08-18 08:33:09.471 INFO  Connected to ssi-infa database. DB path = /home/vishwas/work/pki-auth/examples/website/server/db/app.db 
2020-08-18 08:34:51.547 INFO  No argument passed. Proceeding with default params 
2020-08-18 08:34:51.555 INFO  The server is running on port 6000 
2020-08-18 08:34:51.556 INFO  Connected to ssi-infa database. DB path = /home/vishwas/work/pki-auth/examples/website/server/db/app.db 
2020-08-18 08:36:19.035 INFO  No argument passed. Proceeding with default params 
2020-08-18 08:36:19.043 INFO  The server is running on port 6000 
2020-08-18 08:36:19.044 INFO  Connected to ssi-infa database. DB path = /home/vishwas/work/pki-auth/examples/website/server/db/app.db 
2020-08-18 08:37:04.914 INFO  No argument passed. Proceeding with default params 
2020-08-18 08:37:04.934 INFO  The server is running on port 6000 
2020-08-18 08:37:04.936 INFO  Connected to ssi-infa database. DB path = /home/vishwas/work/pki-auth/examples/website/server/db/app.db 
2020-08-18 08:47:03.177 INFO  No argument passed. Proceeding with default params 
2020-08-18 08:47:03.185 INFO  The server is running on port 9000 
2020-08-18 08:47:03.186 INFO  Connected to ssi-infa database. DB path = /home/vishwas/work/pki-auth/examples/website/server/db/app.db 
2020-08-18 08:49:06.256 INFO  No argument passed. Proceeding with default params 
2020-08-18 08:49:06.266 INFO  The server is running on port 9000 
2020-08-18 08:49:06.268 INFO  Connected to ssi-infa database. DB path = /home/vishwas/work/pki-auth/examples/website/server/db/app.db 
2020-08-18 08:49:34.744 INFO  No argument passed. Proceeding with default params 
2020-08-18 08:49:34.752 INFO  The server is running on port 9000 
2020-08-18 08:49:34.754 INFO  Connected to ssi-infa database. DB path = /home/vishwas/work/pki-auth/examples/website/server/db/app.db 
2020-08-18 08:49:51.003 INFO  No argument passed. Proceeding with default params 
2020-08-18 08:49:51.011 INFO  The server is running on port 9000 
2020-08-18 08:49:51.012 INFO  Connected to ssi-infa database. DB path = /home/vishwas/work/pki-auth/examples/website/server/db/app.db 
2020-08-18 08:49:52.943 DEBUG Inside login request  
2020-08-18 08:49:52.943 DEBUG Param to send in oauth request =  [object Object] 
2020-08-18 08:49:52.977 DEBUG Paramas to send in login request = [object Object] 
2020-08-18 08:50:34.610 INFO  No argument passed. Proceeding with default params 
2020-08-18 08:50:34.620 INFO  The server is running on port 9000 
2020-08-18 08:50:34.621 INFO  Connected to ssi-infa database. DB path = /home/vishwas/work/pki-auth/examples/website/server/db/app.db 
2020-08-18 08:50:36.476 DEBUG Inside login request  
2020-08-18 08:50:36.476 DEBUG Param to send in oauth request =  {"appId":"app_0598e629-78fb-49","appSecret":"app_ab08bf75-0975-40"} 
2020-08-18 08:50:36.518 DEBUG Paramas to send in login request = {"domainName":"http://localhost:6000","redirect_uri":"http://localhost:6000/api/auth/login/callback"} 
2020-08-18 08:51:19.480 INFO  No argument passed. Proceeding with default params 
2020-08-18 08:51:19.487 INFO  The server is running on port 9000 
2020-08-18 08:51:19.489 INFO  Connected to ssi-infa database. DB path = /home/vishwas/work/pki-auth/examples/website/server/db/app.db 
2020-08-18 08:51:30.871 DEBUG Inside login request  
2020-08-18 08:51:30.871 DEBUG Param to send in oauth request =  {"appId":"app_0598e629-78fb-49","appSecret":"app_ab08bf75-0975-40"} 
2020-08-18 08:51:30.945 DEBUG Paramas to send in login request = {"domainName":"http://localhost:9000","redirect_uri":"http://localhost:9000/api/auth/login/callback"} 
2020-08-18 08:54:00.179 INFO  No argument passed. Proceeding with default params 
2020-08-18 08:54:00.191 INFO  The server is running on port 9000 
2020-08-18 08:54:00.192 INFO  Connected to ssi-infa database. DB path = /home/vishwas/work/pki-auth/examples/website/server/db/app.db 
2020-08-18 08:54:08.089 DEBUG Inside login request  
2020-08-18 08:54:08.089 DEBUG Param to send in oauth request =  {"appId":"app_0598e629-78fb-49","appSecret":"app_ab08bf75-0975-40"} 
2020-08-18 08:54:08.132 DEBUG Paramas to send in login request = {"domainName":"http://localhost:9000","redirect_uri":"http://localhost:9000/api/auth/login/callback"} 
2020-08-18 08:54:08.132 DEBUG Headers for login reqest = {"x-auth-token":"eyJhbGciOiJIUzI1NiIsInR5cCI6IkpXVCJ9.eyJpZCI6ImFwcF8wNTk4ZTYyOS03OGZiLTQ5IiwiYXBwSWQiOiJhcHBfMDU5OGU2MjktNzhmYi00OSIsImFwcFNlY3JldCI6ImFwcF9hYjA4YmY3NS0wOTc1LTQwIiwiaXNBY3RpdmUiOiJ0cnVlIiwibmFtZSI6IlRlc3RBcHAiLCJ1c2VySWQiOiJ1c3JfMTA1NmFkN2UtZTkyOS00NCIsImlhdCI6MTU5NzcyMTA0OCwiZXhwIjoxNTk3OTYxMDQ4fQ.FVZlX66gxbJ05RM_-hUJQZE7qzeLwK1Td0t72C3gcvk","Accept":"application/json","Content-Type":"application/json"} 
2020-08-18 08:57:32.396 DEBUG Inside login request  
2020-08-18 08:57:32.396 DEBUG Param to send in oauth request =  {"appId":"app_0598e629-78fb-49","appSecret":"app_ab08bf75-0975-40"} 
2020-08-18 08:57:32.455 DEBUG Paramas to send in login request = {"domainName":"http://localhost:9000","redirect_uri":"http://localhost:9000/api/auth/login/callback"} 
2020-08-18 08:57:32.455 DEBUG Headers for login reqest = {"x-auth-token":"eyJhbGciOiJIUzI1NiIsInR5cCI6IkpXVCJ9.eyJpZCI6ImFwcF8wNTk4ZTYyOS03OGZiLTQ5IiwiYXBwSWQiOiJhcHBfMDU5OGU2MjktNzhmYi00OSIsImFwcFNlY3JldCI6ImFwcF9hYjA4YmY3NS0wOTc1LTQwIiwiaXNBY3RpdmUiOiJ0cnVlIiwibmFtZSI6IlRlc3RBcHAiLCJ1c2VySWQiOiJ1c3JfMTA1NmFkN2UtZTkyOS00NCIsImlhdCI6MTU5NzcyMTI1MiwiZXhwIjoxNTk3OTYxMjUyfQ.VqEKC3uQ9nmJYEpuh1ztoRvuTvxhmosoTgXVhxrtLV4","Accept":"application/json","Content-Type":"application/json"} 
2020-08-18 08:58:51.174 DEBUG Inside login request  
2020-08-18 08:58:51.174 DEBUG Param to send in oauth request =  {"appId":"app_0598e629-78fb-49","appSecret":"app_ab08bf75-0975-40"} 
2020-08-18 08:58:51.238 DEBUG Paramas to send in login request = {"domainName":"http://localhost:9000","redirect_uri":"http://localhost:9000/api/auth/login/callback"} 
2020-08-18 08:58:51.238 DEBUG Headers for login reqest = {"x-auth-token":"eyJhbGciOiJIUzI1NiIsInR5cCI6IkpXVCJ9.eyJpZCI6ImFwcF8wNTk4ZTYyOS03OGZiLTQ5IiwiYXBwSWQiOiJhcHBfMDU5OGU2MjktNzhmYi00OSIsImFwcFNlY3JldCI6ImFwcF9hYjA4YmY3NS0wOTc1LTQwIiwiaXNBY3RpdmUiOiJ0cnVlIiwibmFtZSI6IlRlc3RBcHAiLCJ1c2VySWQiOiJ1c3JfMTA1NmFkN2UtZTkyOS00NCIsImlhdCI6MTU5NzcyMTMzMSwiZXhwIjoxNTk3OTYxMzMxfQ.lTK8HglPsYcyCPz61Mg-xHRieUnXmy_nGrvitTTV-xs","Accept":"application/json","Content-Type":"application/json"} 
2020-08-18 08:59:48.368 DEBUG Inside login request  
2020-08-18 08:59:48.368 DEBUG Param to send in oauth request =  {"appId":"app_0598e629-78fb-49","appSecret":"app_ab08bf75-0975-40"} 
2020-08-18 08:59:48.382 DEBUG Paramas to send in login request = {"domainName":"http://localhost:9000","redirect_uri":"http://localhost:9000/api/auth/login/callback"} 
2020-08-18 08:59:48.382 DEBUG Headers for login reqest = {"x-auth-token":"eyJhbGciOiJIUzI1NiIsInR5cCI6IkpXVCJ9.eyJpZCI6ImFwcF8wNTk4ZTYyOS03OGZiLTQ5IiwiYXBwSWQiOiJhcHBfMDU5OGU2MjktNzhmYi00OSIsImFwcFNlY3JldCI6ImFwcF9hYjA4YmY3NS0wOTc1LTQwIiwiaXNBY3RpdmUiOiJ0cnVlIiwibmFtZSI6IlRlc3RBcHAiLCJ1c2VySWQiOiJ1c3JfMTA1NmFkN2UtZTkyOS00NCIsImlhdCI6MTU5NzcyMTM4OCwiZXhwIjoxNTk3OTYxMzg4fQ.6mhZcvMCn9TzM633D2cQiKlJ36EQhqAfeLfw-xMza5U","Accept":"application/json","Content-Type":"application/json"} 
2020-08-18 09:04:50.477 INFO  No argument passed. Proceeding with default params 
2020-08-18 09:04:50.489 INFO  The server is running on port 9000 
2020-08-18 09:04:50.490 INFO  Connected to ssi-infa database. DB path = /home/vishwas/work/pki-auth/examples/website/server/db/app.db 
2020-08-18 09:05:29.559 DEBUG Inside login request  
2020-08-18 09:05:29.559 DEBUG Param to send in oauth request =  {"appId":"app_0598e629-78fb-49","appSecret":"app_ab08bf75-0975-40"} 
2020-08-18 09:05:29.611 DEBUG Paramas to send in login request = {"domainName":"http://localhost:9000","redirect_uri":"http://localhost:9000/api/auth/login/callback"} 
2020-08-18 09:05:29.611 DEBUG Headers for login reqest = {"x-auth-token":"eyJhbGciOiJIUzI1NiIsInR5cCI6IkpXVCJ9.eyJpZCI6ImFwcF8wNTk4ZTYyOS03OGZiLTQ5IiwiYXBwSWQiOiJhcHBfMDU5OGU2MjktNzhmYi00OSIsImFwcFNlY3JldCI6ImFwcF9hYjA4YmY3NS0wOTc1LTQwIiwiaXNBY3RpdmUiOiJ0cnVlIiwibmFtZSI6IlRlc3RBcHAiLCJ1c2VySWQiOiJ1c3JfMTA1NmFkN2UtZTkyOS00NCIsImlhdCI6MTU5NzcyMTcyOSwiZXhwIjoxNTk3OTYxNzI5fQ.UCEQ8kZSCrwugmolXAE5qtgayN5HqjGxUPW6mERMSlA","Accept":"application/json","Content-Type":"application/json"} 
2020-08-18 09:06:45.235 INFO  No argument passed. Proceeding with default params 
2020-08-18 09:06:45.245 INFO  The server is running on port 9000 
2020-08-18 09:06:45.247 INFO  Connected to ssi-infa database. DB path = /home/vishwas/work/pki-auth/examples/website/server/db/app.db 
2020-08-18 09:06:50.700 DEBUG Inside login request  
2020-08-18 09:06:50.701 DEBUG Param to send in oauth request =  {"appId":"app_0598e629-78fb-49","appSecret":"app_ab08bf75-0975-40"} 
2020-08-18 09:06:50.739 DEBUG Paramas to send in login request = {"domainName":"http://localhost:9000","redirect_uri":"http://localhost:9000/api/auth/login/callback"} 
2020-08-18 09:06:50.740 DEBUG Headers for login reqest = {"x-auth-token":"eyJhbGciOiJIUzI1NiIsInR5cCI6IkpXVCJ9.eyJpZCI6ImFwcF8wNTk4ZTYyOS03OGZiLTQ5IiwiYXBwSWQiOiJhcHBfMDU5OGU2MjktNzhmYi00OSIsImFwcFNlY3JldCI6ImFwcF9hYjA4YmY3NS0wOTc1LTQwIiwiaXNBY3RpdmUiOiJ0cnVlIiwibmFtZSI6IlRlc3RBcHAiLCJ1c2VySWQiOiJ1c3JfMTA1NmFkN2UtZTkyOS00NCIsImlhdCI6MTU5NzcyMTgxMCwiZXhwIjoxNTk3OTYxODEwfQ.l_PlLXMM6LQwccVG9UKoQMMqftcJZh_Jq5W9BFldvbE","Accept":"application/json","Content-Type":"application/json"} 
2020-08-18 09:07:10.963 DEBUG Inside login request  
2020-08-18 09:07:10.963 DEBUG Param to send in oauth request =  {"appId":"app_0598e629-78fb-49","appSecret":"app_ab08bf75-0975-40"} 
2020-08-18 09:07:11.020 DEBUG Paramas to send in login request = {"domainName":"http://localhost:9000","redirect_uri":"http://localhost:9000/api/auth/login/callback"} 
2020-08-18 09:07:11.020 DEBUG Headers for login reqest = {"x-auth-token":"eyJhbGciOiJIUzI1NiIsInR5cCI6IkpXVCJ9.eyJpZCI6ImFwcF8wNTk4ZTYyOS03OGZiLTQ5IiwiYXBwSWQiOiJhcHBfMDU5OGU2MjktNzhmYi00OSIsImFwcFNlY3JldCI6ImFwcF9hYjA4YmY3NS0wOTc1LTQwIiwiaXNBY3RpdmUiOiJ0cnVlIiwibmFtZSI6IlRlc3RBcHAiLCJ1c2VySWQiOiJ1c3JfMTA1NmFkN2UtZTkyOS00NCIsImlhdCI6MTU5NzcyMTgzMSwiZXhwIjoxNTk3OTYxODMxfQ.Ah_N1mKlhhNnGkflQTxAhtmRFocYQsrFSq8TdT8fsNM","Accept":"application/json","Content-Type":"application/json"} 
2020-08-18 09:07:50.105 INFO  No argument passed. Proceeding with default params 
2020-08-18 09:07:50.113 INFO  The server is running on port 9000 
2020-08-18 09:07:50.115 INFO  Connected to ssi-infa database. DB path = /home/vishwas/work/pki-auth/examples/website/server/db/app.db 
2020-08-18 09:08:14.080 DEBUG Inside login request  
2020-08-18 09:08:14.081 DEBUG Param to send in oauth request =  {"appId":"app_0598e629-78fb-49","appSecret":"app_ab08bf75-0975-40"} 
2020-08-18 09:08:14.115 DEBUG Paramas to send in login request = {"domainName":"http://localhost:9000","redirect_uri":"http://localhost:9000/api/auth/login/callback"} 
2020-08-18 09:08:14.115 DEBUG Headers for login reqest = {"x-auth-token":"eyJhbGciOiJIUzI1NiIsInR5cCI6IkpXVCJ9.eyJpZCI6ImFwcF8wNTk4ZTYyOS03OGZiLTQ5IiwiYXBwSWQiOiJhcHBfMDU5OGU2MjktNzhmYi00OSIsImFwcFNlY3JldCI6ImFwcF9hYjA4YmY3NS0wOTc1LTQwIiwiaXNBY3RpdmUiOiJ0cnVlIiwibmFtZSI6IlRlc3RBcHAiLCJ1c2VySWQiOiJ1c3JfMTA1NmFkN2UtZTkyOS00NCIsImlhdCI6MTU5NzcyMTg5NCwiZXhwIjoxNTk3OTYxODk0fQ.fA5CU6M91_G8pU0_f10Kur6aueE-RUSzVT_LDjAf7mQ","Accept":"application/json","Content-Type":"application/json"} 
2020-08-18 09:08:14.135 DEBUG Before redirect url = http://localhost:5001/login?appId=app_0598e629-78fb-49&domainName=http://localhost:9000&redirect_uri=http://localhost:9000/api/auth/login/callback&challenge=eba4d327-e710-471a-8261-4e0404e275cd&challengeToken=eyJhbGciOiJIUzI1NiIsInR5cCI6IkpXVCJ9.eyJhcHBJZCI6ImFwcF8wNTk4ZTYyOS03OGZiLTQ5IiwiZG9tYWluTmFtZSI6Imh0dHA6Ly9sb2NhbGhvc3Q6OTAwMCIsInJlZGlyZWN0X3VyaSI6Imh0dHA6Ly9sb2NhbGhvc3Q6OTAwMC9hcGkvYXV0aC9sb2dpbi9jYWxsYmFjayIsImNoYWxsZW5nZSI6ImViYTRkMzI3LWU3MTAtNDcxYS04MjYxLTRlMDQwNGUyNzVjZCIsImlhdCI6MTU5NzcyMTg5NCwiZXhwIjoxNTk3OTYxODk0fQ.DIB3zZipvFF-HkvkGtGHP5vZieuZIJgBQA2oF3-H7VU 
2020-08-18 09:08:43.699 DEBUG Inside login request  
2020-08-18 09:08:43.699 DEBUG Param to send in oauth request =  {"appId":"app_0598e629-78fb-49","appSecret":"app_ab08bf75-0975-40"} 
2020-08-18 09:08:43.716 DEBUG Paramas to send in login request = {"domainName":"http://localhost:9000","redirect_uri":"http://localhost:9000/api/auth/login/callback"} 
2020-08-18 09:08:43.716 DEBUG Headers for login reqest = {"x-auth-token":"eyJhbGciOiJIUzI1NiIsInR5cCI6IkpXVCJ9.eyJpZCI6ImFwcF8wNTk4ZTYyOS03OGZiLTQ5IiwiYXBwSWQiOiJhcHBfMDU5OGU2MjktNzhmYi00OSIsImFwcFNlY3JldCI6ImFwcF9hYjA4YmY3NS0wOTc1LTQwIiwiaXNBY3RpdmUiOiJ0cnVlIiwibmFtZSI6IlRlc3RBcHAiLCJ1c2VySWQiOiJ1c3JfMTA1NmFkN2UtZTkyOS00NCIsImlhdCI6MTU5NzcyMTkyMywiZXhwIjoxNTk3OTYxOTIzfQ.5-cRLwyTwkBJJ-OcGgXwDAMi4Hc4sklJ8VQM7aSSHe4","Accept":"application/json","Content-Type":"application/json"} 
2020-08-18 09:08:43.728 DEBUG Before redirect url = http://localhost:5001/login?appId=app_0598e629-78fb-49&domainName=http://localhost:9000&redirect_uri=http://localhost:9000/api/auth/login/callback&challenge=924918ed-a29c-45a1-b294-8435e93ec005&challengeToken=eyJhbGciOiJIUzI1NiIsInR5cCI6IkpXVCJ9.eyJhcHBJZCI6ImFwcF8wNTk4ZTYyOS03OGZiLTQ5IiwiZG9tYWluTmFtZSI6Imh0dHA6Ly9sb2NhbGhvc3Q6OTAwMCIsInJlZGlyZWN0X3VyaSI6Imh0dHA6Ly9sb2NhbGhvc3Q6OTAwMC9hcGkvYXV0aC9sb2dpbi9jYWxsYmFjayIsImNoYWxsZW5nZSI6IjkyNDkxOGVkLWEyOWMtNDVhMS1iMjk0LTg0MzVlOTNlYzAwNSIsImlhdCI6MTU5NzcyMTkyMywiZXhwIjoxNTk3OTYxOTIzfQ.gDTMt1U0XXrt4YTUC8n_cQV1FQaqFPA_jxCRZE6h3ys 
2020-08-18 09:09:00.671 DEBUG Inside login request  
2020-08-18 09:09:00.671 DEBUG Param to send in oauth request =  {"appId":"app_0598e629-78fb-49","appSecret":"app_ab08bf75-0975-40"} 
2020-08-18 09:09:00.684 DEBUG Paramas to send in login request = {"domainName":"http://localhost:9000","redirect_uri":"http://localhost:9000/api/auth/login/callback"} 
2020-08-18 09:09:00.684 DEBUG Headers for login reqest = {"x-auth-token":"eyJhbGciOiJIUzI1NiIsInR5cCI6IkpXVCJ9.eyJpZCI6ImFwcF8wNTk4ZTYyOS03OGZiLTQ5IiwiYXBwSWQiOiJhcHBfMDU5OGU2MjktNzhmYi00OSIsImFwcFNlY3JldCI6ImFwcF9hYjA4YmY3NS0wOTc1LTQwIiwiaXNBY3RpdmUiOiJ0cnVlIiwibmFtZSI6IlRlc3RBcHAiLCJ1c2VySWQiOiJ1c3JfMTA1NmFkN2UtZTkyOS00NCIsImlhdCI6MTU5NzcyMTk0MCwiZXhwIjoxNTk3OTYxOTQwfQ.vcUPCEezquZvkf04k6A00pEaOdemxQftM5f8vgAuSJM","Accept":"application/json","Content-Type":"application/json"} 
2020-08-18 09:09:00.697 DEBUG Before redirect url = http://localhost:5001/login?appId=app_0598e629-78fb-49&domainName=http://localhost:9000&redirect_uri=http://localhost:9000/api/auth/login/callback&challenge=7ba063ac-6afb-452b-b53a-6b012d8e0bc8&challengeToken=eyJhbGciOiJIUzI1NiIsInR5cCI6IkpXVCJ9.eyJhcHBJZCI6ImFwcF8wNTk4ZTYyOS03OGZiLTQ5IiwiZG9tYWluTmFtZSI6Imh0dHA6Ly9sb2NhbGhvc3Q6OTAwMCIsInJlZGlyZWN0X3VyaSI6Imh0dHA6Ly9sb2NhbGhvc3Q6OTAwMC9hcGkvYXV0aC9sb2dpbi9jYWxsYmFjayIsImNoYWxsZW5nZSI6IjdiYTA2M2FjLTZhZmItNDUyYi1iNTNhLTZiMDEyZDhlMGJjOCIsImlhdCI6MTU5NzcyMTk0MCwiZXhwIjoxNTk3OTYxOTQwfQ.bTrcrLb1345EIDPmxNvgpjzNUi7jktgBKo5A5LS5dWo 
2020-08-18 09:09:06.969 DEBUG Inside login request  
2020-08-18 09:09:06.969 DEBUG Param to send in oauth request =  {"appId":"app_0598e629-78fb-49","appSecret":"app_ab08bf75-0975-40"} 
2020-08-18 09:09:06.982 DEBUG Paramas to send in login request = {"domainName":"http://localhost:9000","redirect_uri":"http://localhost:9000/api/auth/login/callback"} 
2020-08-18 09:09:06.982 DEBUG Headers for login reqest = {"x-auth-token":"eyJhbGciOiJIUzI1NiIsInR5cCI6IkpXVCJ9.eyJpZCI6ImFwcF8wNTk4ZTYyOS03OGZiLTQ5IiwiYXBwSWQiOiJhcHBfMDU5OGU2MjktNzhmYi00OSIsImFwcFNlY3JldCI6ImFwcF9hYjA4YmY3NS0wOTc1LTQwIiwiaXNBY3RpdmUiOiJ0cnVlIiwibmFtZSI6IlRlc3RBcHAiLCJ1c2VySWQiOiJ1c3JfMTA1NmFkN2UtZTkyOS00NCIsImlhdCI6MTU5NzcyMTk0NiwiZXhwIjoxNTk3OTYxOTQ2fQ.1-6U8YOKiR5w9ob0xR6S-VpJ7pbgYSlKszwdf7GSKSA","Accept":"application/json","Content-Type":"application/json"} 
2020-08-18 09:09:06.991 DEBUG Before redirect url = http://localhost:5001/login?appId=app_0598e629-78fb-49&domainName=http://localhost:9000&redirect_uri=http://localhost:9000/api/auth/login/callback&challenge=c485da6d-3b16-470f-82da-61a0132c5de0&challengeToken=eyJhbGciOiJIUzI1NiIsInR5cCI6IkpXVCJ9.eyJhcHBJZCI6ImFwcF8wNTk4ZTYyOS03OGZiLTQ5IiwiZG9tYWluTmFtZSI6Imh0dHA6Ly9sb2NhbGhvc3Q6OTAwMCIsInJlZGlyZWN0X3VyaSI6Imh0dHA6Ly9sb2NhbGhvc3Q6OTAwMC9hcGkvYXV0aC9sb2dpbi9jYWxsYmFjayIsImNoYWxsZW5nZSI6ImM0ODVkYTZkLTNiMTYtNDcwZi04MmRhLTYxYTAxMzJjNWRlMCIsImlhdCI6MTU5NzcyMTk0NiwiZXhwIjoxNTk3OTYxOTQ2fQ.9IIGodd81EeDel8c1ZdOk9RnotxUWtcHRo1YihlQ2Nk 
2020-08-18 09:09:29.424 DEBUG Inside login request  
2020-08-18 09:09:29.424 DEBUG Param to send in oauth request =  {"appId":"app_0598e629-78fb-49","appSecret":"app_ab08bf75-0975-40"} 
2020-08-18 09:09:29.471 DEBUG Paramas to send in login request = {"domainName":"http://localhost:9000","redirect_uri":"http://localhost:9000/api/auth/login/callback"} 
2020-08-18 09:09:29.471 DEBUG Headers for login reqest = {"x-auth-token":"eyJhbGciOiJIUzI1NiIsInR5cCI6IkpXVCJ9.eyJpZCI6ImFwcF8wNTk4ZTYyOS03OGZiLTQ5IiwiYXBwSWQiOiJhcHBfMDU5OGU2MjktNzhmYi00OSIsImFwcFNlY3JldCI6ImFwcF9hYjA4YmY3NS0wOTc1LTQwIiwiaXNBY3RpdmUiOiJ0cnVlIiwibmFtZSI6IlRlc3RBcHAiLCJ1c2VySWQiOiJ1c3JfMTA1NmFkN2UtZTkyOS00NCIsImlhdCI6MTU5NzcyMTk2OSwiZXhwIjoxNTk3OTYxOTY5fQ.muOOUSMzrPgVPcT-119XMr8kGW2TORNuRNpV9Cqo7Lg","Accept":"application/json","Content-Type":"application/json"} 
2020-08-18 09:09:29.485 DEBUG Before redirect url = http://localhost:5001/login?appId=app_0598e629-78fb-49&domainName=http://localhost:9000&redirect_uri=http://localhost:9000/api/auth/login/callback&challenge=63190df8-1ad8-47a2-92b5-d03f761e5011&challengeToken=eyJhbGciOiJIUzI1NiIsInR5cCI6IkpXVCJ9.eyJhcHBJZCI6ImFwcF8wNTk4ZTYyOS03OGZiLTQ5IiwiZG9tYWluTmFtZSI6Imh0dHA6Ly9sb2NhbGhvc3Q6OTAwMCIsInJlZGlyZWN0X3VyaSI6Imh0dHA6Ly9sb2NhbGhvc3Q6OTAwMC9hcGkvYXV0aC9sb2dpbi9jYWxsYmFjayIsImNoYWxsZW5nZSI6IjYzMTkwZGY4LTFhZDgtNDdhMi05MmI1LWQwM2Y3NjFlNTAxMSIsImlhdCI6MTU5NzcyMTk2OSwiZXhwIjoxNTk3OTYxOTY5fQ.sjqD9rbEpv8G51kjhCfC_0WzYt_8qP3Eg2-uOF_AKUM 
2020-08-18 09:11:55.229 DEBUG Inside login request  
2020-08-18 09:11:55.229 DEBUG Param to send in oauth request =  {"appId":"app_0598e629-78fb-49","appSecret":"app_ab08bf75-0975-40"} 
2020-08-18 09:11:55.236 DEBUG Paramas to send in login request = {"domainName":"http://localhost:9000","redirect_uri":"http://localhost:9000/api/auth/login/callback"} 
2020-08-18 09:11:55.236 DEBUG Headers for login reqest = {"x-auth-token":"eyJhbGciOiJIUzI1NiIsInR5cCI6IkpXVCJ9.eyJpZCI6ImFwcF8wNTk4ZTYyOS03OGZiLTQ5IiwiYXBwSWQiOiJhcHBfMDU5OGU2MjktNzhmYi00OSIsImFwcFNlY3JldCI6ImFwcF9hYjA4YmY3NS0wOTc1LTQwIiwiaXNBY3RpdmUiOiJ0cnVlIiwibmFtZSI6IlRlc3RBcHAiLCJ1c2VySWQiOiJ1c3JfMTA1NmFkN2UtZTkyOS00NCIsImlhdCI6MTU5NzcyMjExNSwiZXhwIjoxNTk3OTYyMTE1fQ.wbrkuLcABlGWjyFqN5REzJ6CwlGDvkdExNQ9Y1h8e04","Accept":"application/json","Content-Type":"application/json"} 
2020-08-18 09:11:55.250 DEBUG Before redirect url = http://localhost:5001/login?appId=app_0598e629-78fb-49&domainName=http://localhost:9000&redirect_uri=http://localhost:9000/api/auth/login/callback&challenge=f2e66668-13e1-4114-aed1-fe278aeaad3d&challengeToken=eyJhbGciOiJIUzI1NiIsInR5cCI6IkpXVCJ9.eyJhcHBJZCI6ImFwcF8wNTk4ZTYyOS03OGZiLTQ5IiwiZG9tYWluTmFtZSI6Imh0dHA6Ly9sb2NhbGhvc3Q6OTAwMCIsInJlZGlyZWN0X3VyaSI6Imh0dHA6Ly9sb2NhbGhvc3Q6OTAwMC9hcGkvYXV0aC9sb2dpbi9jYWxsYmFjayIsImNoYWxsZW5nZSI6ImYyZTY2NjY4LTEzZTEtNDExNC1hZWQxLWZlMjc4YWVhYWQzZCIsImlhdCI6MTU5NzcyMjExNSwiZXhwIjoxNTk3OTYyMTE1fQ.lJAeTl9JcVXMXuQvV5reMjC81uxYOOWKOklBE4yh654 
2020-08-18 09:12:03.402 DEBUG Inside login request  
2020-08-18 09:12:03.402 DEBUG Param to send in oauth request =  {"appId":"app_0598e629-78fb-49","appSecret":"app_ab08bf75-0975-40"} 
2020-08-18 09:12:03.420 DEBUG Paramas to send in login request = {"domainName":"http://localhost:9000","redirect_uri":"http://localhost:9000/api/auth/login/callback"} 
2020-08-18 09:12:03.420 DEBUG Headers for login reqest = {"x-auth-token":"eyJhbGciOiJIUzI1NiIsInR5cCI6IkpXVCJ9.eyJpZCI6ImFwcF8wNTk4ZTYyOS03OGZiLTQ5IiwiYXBwSWQiOiJhcHBfMDU5OGU2MjktNzhmYi00OSIsImFwcFNlY3JldCI6ImFwcF9hYjA4YmY3NS0wOTc1LTQwIiwiaXNBY3RpdmUiOiJ0cnVlIiwibmFtZSI6IlRlc3RBcHAiLCJ1c2VySWQiOiJ1c3JfMTA1NmFkN2UtZTkyOS00NCIsImlhdCI6MTU5NzcyMjEyMywiZXhwIjoxNTk3OTYyMTIzfQ.Aa81qL4YfK8BgknMHHpqi-9jI7SQGRdhGOt3jbp4DF8","Accept":"application/json","Content-Type":"application/json"} 
2020-08-18 09:12:03.431 DEBUG Before redirect url = http://localhost:5001/login?appId=app_0598e629-78fb-49&domainName=http://localhost:9000&redirect_uri=http://localhost:9000/api/auth/login/callback&challenge=4a6ab9e8-2015-49e3-928a-548e5d78c003&challengeToken=eyJhbGciOiJIUzI1NiIsInR5cCI6IkpXVCJ9.eyJhcHBJZCI6ImFwcF8wNTk4ZTYyOS03OGZiLTQ5IiwiZG9tYWluTmFtZSI6Imh0dHA6Ly9sb2NhbGhvc3Q6OTAwMCIsInJlZGlyZWN0X3VyaSI6Imh0dHA6Ly9sb2NhbGhvc3Q6OTAwMC9hcGkvYXV0aC9sb2dpbi9jYWxsYmFjayIsImNoYWxsZW5nZSI6IjRhNmFiOWU4LTIwMTUtNDllMy05MjhhLTU0OGU1ZDc4YzAwMyIsImlhdCI6MTU5NzcyMjEyMywiZXhwIjoxNTk3OTYyMTIzfQ.RKswLURRJEY1x35tgeJCp0tg8Bbwok1Qv9Mdio1kcgA 
2020-08-18 09:12:12.250 DEBUG Inside login request  
2020-08-18 09:12:12.250 DEBUG Param to send in oauth request =  {"appId":"app_0598e629-78fb-49","appSecret":"app_ab08bf75-0975-40"} 
2020-08-18 09:12:12.263 DEBUG Paramas to send in login request = {"domainName":"http://localhost:9000","redirect_uri":"http://localhost:9000/api/auth/login/callback"} 
2020-08-18 09:12:12.263 DEBUG Headers for login reqest = {"x-auth-token":"eyJhbGciOiJIUzI1NiIsInR5cCI6IkpXVCJ9.eyJpZCI6ImFwcF8wNTk4ZTYyOS03OGZiLTQ5IiwiYXBwSWQiOiJhcHBfMDU5OGU2MjktNzhmYi00OSIsImFwcFNlY3JldCI6ImFwcF9hYjA4YmY3NS0wOTc1LTQwIiwiaXNBY3RpdmUiOiJ0cnVlIiwibmFtZSI6IlRlc3RBcHAiLCJ1c2VySWQiOiJ1c3JfMTA1NmFkN2UtZTkyOS00NCIsImlhdCI6MTU5NzcyMjEzMiwiZXhwIjoxNTk3OTYyMTMyfQ.Rox47SgOHlCi4GmTbmxy9Hq-GLv16ea1r_wcOmJRJEc","Accept":"application/json","Content-Type":"application/json"} 
2020-08-18 09:12:12.273 DEBUG Before redirect url = http://localhost:5001/login?appId=app_0598e629-78fb-49&domainName=http://localhost:9000&redirect_uri=http://localhost:9000/api/auth/login/callback&challenge=2f4fe35b-aaef-40f9-a990-5e43bfaa7649&challengeToken=eyJhbGciOiJIUzI1NiIsInR5cCI6IkpXVCJ9.eyJhcHBJZCI6ImFwcF8wNTk4ZTYyOS03OGZiLTQ5IiwiZG9tYWluTmFtZSI6Imh0dHA6Ly9sb2NhbGhvc3Q6OTAwMCIsInJlZGlyZWN0X3VyaSI6Imh0dHA6Ly9sb2NhbGhvc3Q6OTAwMC9hcGkvYXV0aC9sb2dpbi9jYWxsYmFjayIsImNoYWxsZW5nZSI6IjJmNGZlMzViLWFhZWYtNDBmOS1hOTkwLTVlNDNiZmFhNzY0OSIsImlhdCI6MTU5NzcyMjEzMiwiZXhwIjoxNTk3OTYyMTMyfQ.7iljz0C6UEr1pAdllnLZRh45-pwggq_7Oku__R4dHK0 
2020-08-18 09:41:55.262 DEBUG Inside login request  
2020-08-18 09:41:55.262 DEBUG Param to send in oauth request =  {"appId":"app_0598e629-78fb-49","appSecret":"app_ab08bf75-0975-40"} 
2020-08-18 09:41:55.294 DEBUG Paramas to send in login request = {"domainName":"http://localhost:9000","redirect_uri":"http://localhost:9000/api/auth/login/callback"} 
2020-08-18 09:41:55.294 DEBUG Headers for login reqest = {"x-auth-token":"eyJhbGciOiJIUzI1NiIsInR5cCI6IkpXVCJ9.eyJpZCI6ImFwcF8wNTk4ZTYyOS03OGZiLTQ5IiwiYXBwSWQiOiJhcHBfMDU5OGU2MjktNzhmYi00OSIsImFwcFNlY3JldCI6ImFwcF9hYjA4YmY3NS0wOTc1LTQwIiwiaXNBY3RpdmUiOiJ0cnVlIiwibmFtZSI6IlRlc3RBcHAiLCJ1c2VySWQiOiJ1c3JfMTA1NmFkN2UtZTkyOS00NCIsImlhdCI6MTU5NzcyMzkxNSwiZXhwIjoxNTk3OTYzOTE1fQ.RMmoQd3q-e3SC0Z6DDacLN46e4Gf7KDKW8GY78THHAs","Accept":"application/json","Content-Type":"application/json"} 
2020-08-18 09:41:55.312 DEBUG Before redirect url = http://localhost:5001/login?appId=app_0598e629-78fb-49&domainName=http://localhost:9000&redirect_uri=http://localhost:9000/api/auth/login/callback&challenge=8ec1f4b6-096a-45d4-bfac-34f07cdc04c9&challengeToken=eyJhbGciOiJIUzI1NiIsInR5cCI6IkpXVCJ9.eyJhcHBJZCI6ImFwcF8wNTk4ZTYyOS03OGZiLTQ5IiwiZG9tYWluTmFtZSI6Imh0dHA6Ly9sb2NhbGhvc3Q6OTAwMCIsInJlZGlyZWN0X3VyaSI6Imh0dHA6Ly9sb2NhbGhvc3Q6OTAwMC9hcGkvYXV0aC9sb2dpbi9jYWxsYmFjayIsImNoYWxsZW5nZSI6IjhlYzFmNGI2LTA5NmEtNDVkNC1iZmFjLTM0ZjA3Y2RjMDRjOSIsImlhdCI6MTU5NzcyMzkxNSwiZXhwIjoxNTk3OTYzOTE1fQ.50Vz503oMrLSt7ybwCAUsKDM-RFy0geeEBiuP48rNi8 
2020-08-18 09:43:17.627 DEBUG Inside login request  
2020-08-18 09:43:17.627 DEBUG Param to send in oauth request =  {"appId":"app_0598e629-78fb-49","appSecret":"app_ab08bf75-0975-40"} 
2020-08-18 09:43:17.664 DEBUG Paramas to send in login request = {"domainName":"http://localhost:9000","redirect_uri":"http://localhost:9000/api/auth/login/callback"} 
2020-08-18 09:43:17.664 DEBUG Headers for login reqest = {"x-auth-token":"eyJhbGciOiJIUzI1NiIsInR5cCI6IkpXVCJ9.eyJpZCI6ImFwcF8wNTk4ZTYyOS03OGZiLTQ5IiwiYXBwSWQiOiJhcHBfMDU5OGU2MjktNzhmYi00OSIsImFwcFNlY3JldCI6ImFwcF9hYjA4YmY3NS0wOTc1LTQwIiwiaXNBY3RpdmUiOiJ0cnVlIiwibmFtZSI6IlRlc3RBcHAiLCJ1c2VySWQiOiJ1c3JfMTA1NmFkN2UtZTkyOS00NCIsImlhdCI6MTU5NzcyMzk5NywiZXhwIjoxNTk3OTYzOTk3fQ.vpQT_FmWSQRKAFHHgFWXtQtXVMUAzPr77vhtakIFR0M","Accept":"application/json","Content-Type":"application/json"} 
2020-08-18 09:43:17.679 DEBUG Before redirect url = http://localhost:5001/login?appId=app_0598e629-78fb-49&domainName=http://localhost:9000&redirect_uri=http://localhost:9000/api/auth/login/callback&challenge=9b2756a2-ba60-4d3b-bf88-3baea5be023b&challengeToken=eyJhbGciOiJIUzI1NiIsInR5cCI6IkpXVCJ9.eyJhcHBJZCI6ImFwcF8wNTk4ZTYyOS03OGZiLTQ5IiwiZG9tYWluTmFtZSI6Imh0dHA6Ly9sb2NhbGhvc3Q6OTAwMCIsInJlZGlyZWN0X3VyaSI6Imh0dHA6Ly9sb2NhbGhvc3Q6OTAwMC9hcGkvYXV0aC9sb2dpbi9jYWxsYmFjayIsImNoYWxsZW5nZSI6IjliMjc1NmEyLWJhNjAtNGQzYi1iZjg4LTNiYWVhNWJlMDIzYiIsImlhdCI6MTU5NzcyMzk5NywiZXhwIjoxNTk3OTYzOTk3fQ.mnEhmAZwYNLHpXgVEbqj60auWW80Z4sMd_O2jNjtjig 
2020-08-18 09:44:18.560 DEBUG Inside login request  
2020-08-18 09:44:18.560 DEBUG Param to send in oauth request =  {"appId":"app_0598e629-78fb-49","appSecret":"app_ab08bf75-0975-40"} 
2020-08-18 09:44:18.578 DEBUG Paramas to send in login request = {"domainName":"http://localhost:9000","redirect_uri":"http://localhost:9000/api/auth/login/callback"} 
2020-08-18 09:44:18.578 DEBUG Headers for login reqest = {"x-auth-token":"eyJhbGciOiJIUzI1NiIsInR5cCI6IkpXVCJ9.eyJpZCI6ImFwcF8wNTk4ZTYyOS03OGZiLTQ5IiwiYXBwSWQiOiJhcHBfMDU5OGU2MjktNzhmYi00OSIsImFwcFNlY3JldCI6ImFwcF9hYjA4YmY3NS0wOTc1LTQwIiwiaXNBY3RpdmUiOiJ0cnVlIiwibmFtZSI6IlRlc3RBcHAiLCJ1c2VySWQiOiJ1c3JfMTA1NmFkN2UtZTkyOS00NCIsImlhdCI6MTU5NzcyNDA1OCwiZXhwIjoxNTk3OTY0MDU4fQ.zfirB-LrxjNXh3C8fiP5aZgShUdU4GJzrEHotc7FFgw","Accept":"application/json","Content-Type":"application/json"} 
2020-08-18 09:44:18.585 DEBUG Before redirect url = http://localhost:5001/login?appId=app_0598e629-78fb-49&domainName=http://localhost:9000&redirect_uri=http://localhost:9000/api/auth/login/callback&challenge=948d8d5a-7ecf-4e97-95b4-576c628cd6ca&challengeToken=eyJhbGciOiJIUzI1NiIsInR5cCI6IkpXVCJ9.eyJhcHBJZCI6ImFwcF8wNTk4ZTYyOS03OGZiLTQ5IiwiZG9tYWluTmFtZSI6Imh0dHA6Ly9sb2NhbGhvc3Q6OTAwMCIsInJlZGlyZWN0X3VyaSI6Imh0dHA6Ly9sb2NhbGhvc3Q6OTAwMC9hcGkvYXV0aC9sb2dpbi9jYWxsYmFjayIsImNoYWxsZW5nZSI6Ijk0OGQ4ZDVhLTdlY2YtNGU5Ny05NWI0LTU3NmM2MjhjZDZjYSIsImlhdCI6MTU5NzcyNDA1OCwiZXhwIjoxNTk3OTY0MDU4fQ.b9sGH5MAEENLyaNpxeiNqpEa5TNS1jdfcbTiN2EzlNM 
2020-08-18 09:49:51.571 DEBUG Inside login request  
2020-08-18 09:49:51.571 DEBUG Param to send in oauth request =  {"appId":"app_0598e629-78fb-49","appSecret":"app_ab08bf75-0975-40"} 
2020-08-18 09:49:51.589 DEBUG Paramas to send in login request = {"domainName":"http://localhost:9000","redirect_uri":"http://localhost:9000/api/auth/login/callback"} 
2020-08-18 09:49:51.589 DEBUG Headers for login reqest = {"x-auth-token":"eyJhbGciOiJIUzI1NiIsInR5cCI6IkpXVCJ9.eyJpZCI6ImFwcF8wNTk4ZTYyOS03OGZiLTQ5IiwiYXBwSWQiOiJhcHBfMDU5OGU2MjktNzhmYi00OSIsImFwcFNlY3JldCI6ImFwcF9hYjA4YmY3NS0wOTc1LTQwIiwiaXNBY3RpdmUiOiJ0cnVlIiwibmFtZSI6IlRlc3RBcHAiLCJ1c2VySWQiOiJ1c3JfMTA1NmFkN2UtZTkyOS00NCIsImlhdCI6MTU5NzcyNDM5MSwiZXhwIjoxNTk3OTY0MzkxfQ.hRG00RPQKuYRfEw9Z8Pr7VpU8v_IOi5waYfLNtXTDas","Accept":"application/json","Content-Type":"application/json"} 
2020-08-18 09:49:51.607 DEBUG Before redirect url = http://localhost:5001/login?appId=app_0598e629-78fb-49&domainName=http://localhost:9000&redirect_uri=http://localhost:9000/api/auth/login/callback&challenge=44587c17-4b37-4e47-ac8b-71f32fb3da35&challengeToken=eyJhbGciOiJIUzI1NiIsInR5cCI6IkpXVCJ9.eyJhcHBJZCI6ImFwcF8wNTk4ZTYyOS03OGZiLTQ5IiwiZG9tYWluTmFtZSI6Imh0dHA6Ly9sb2NhbGhvc3Q6OTAwMCIsInJlZGlyZWN0X3VyaSI6Imh0dHA6Ly9sb2NhbGhvc3Q6OTAwMC9hcGkvYXV0aC9sb2dpbi9jYWxsYmFjayIsImNoYWxsZW5nZSI6IjQ0NTg3YzE3LTRiMzctNGU0Ny1hYzhiLTcxZjMyZmIzZGEzNSIsImlhdCI6MTU5NzcyNDM5MSwiZXhwIjoxNTk3OTY0MzkxfQ.hp743Sg31ikN0Yr-uWBmPIuNxh79AWiI52-pKqy_Pac 
2020-08-18 09:53:14.651 DEBUG Inside login request  
2020-08-18 09:53:14.651 DEBUG Param to send in oauth request =  {"appId":"app_0598e629-78fb-49","appSecret":"app_ab08bf75-0975-40"} 
2020-08-18 09:53:14.677 DEBUG Paramas to send in login request = {"domainName":"http://localhost:9000","redirect_uri":"http://localhost:9000/api/auth/login/callback"} 
2020-08-18 09:53:14.677 DEBUG Headers for login reqest = {"x-auth-token":"eyJhbGciOiJIUzI1NiIsInR5cCI6IkpXVCJ9.eyJpZCI6ImFwcF8wNTk4ZTYyOS03OGZiLTQ5IiwiYXBwSWQiOiJhcHBfMDU5OGU2MjktNzhmYi00OSIsImFwcFNlY3JldCI6ImFwcF9hYjA4YmY3NS0wOTc1LTQwIiwiaXNBY3RpdmUiOiJ0cnVlIiwibmFtZSI6IlRlc3RBcHAiLCJ1c2VySWQiOiJ1c3JfMTA1NmFkN2UtZTkyOS00NCIsImlhdCI6MTU5NzcyNDU5NCwiZXhwIjoxNTk3OTY0NTk0fQ.AQvu5KLUXzFCiitKBJO78Q1GjNmH7ywJapcsdRrZZKM","Accept":"application/json","Content-Type":"application/json"} 
2020-08-18 09:53:14.717 DEBUG Before redirect url = http://localhost:5001/login?appId=app_0598e629-78fb-49&domainName=http://localhost:9000&redirect_uri=http://localhost:9000/api/auth/login/callback&challenge=fe5b6e15-4644-45c4-bffd-dd7ee170d4eb&challengeToken=eyJhbGciOiJIUzI1NiIsInR5cCI6IkpXVCJ9.eyJhcHBJZCI6ImFwcF8wNTk4ZTYyOS03OGZiLTQ5IiwiZG9tYWluTmFtZSI6Imh0dHA6Ly9sb2NhbGhvc3Q6OTAwMCIsInJlZGlyZWN0X3VyaSI6Imh0dHA6Ly9sb2NhbGhvc3Q6OTAwMC9hcGkvYXV0aC9sb2dpbi9jYWxsYmFjayIsImNoYWxsZW5nZSI6ImZlNWI2ZTE1LTQ2NDQtNDVjNC1iZmZkLWRkN2VlMTcwZDRlYiIsImlhdCI6MTU5NzcyNDU5NCwiZXhwIjoxNTk3OTY0NTk0fQ._vBXCKwqlP_n_zceqXLfUia2BRFECRvSOz_aXhUXouk 
2020-08-18 09:54:38.645 DEBUG Inside login request  
2020-08-18 09:54:38.645 DEBUG Param to send in oauth request =  {"appId":"app_0598e629-78fb-49","appSecret":"app_ab08bf75-0975-40"} 
2020-08-18 09:54:38.656 DEBUG Paramas to send in login request = {"domainName":"http://localhost:9000","redirect_uri":"http://localhost:9000/api/auth/login/callback"} 
2020-08-18 09:54:38.656 DEBUG Headers for login reqest = {"x-auth-token":"eyJhbGciOiJIUzI1NiIsInR5cCI6IkpXVCJ9.eyJpZCI6ImFwcF8wNTk4ZTYyOS03OGZiLTQ5IiwiYXBwSWQiOiJhcHBfMDU5OGU2MjktNzhmYi00OSIsImFwcFNlY3JldCI6ImFwcF9hYjA4YmY3NS0wOTc1LTQwIiwiaXNBY3RpdmUiOiJ0cnVlIiwibmFtZSI6IlRlc3RBcHAiLCJ1c2VySWQiOiJ1c3JfMTA1NmFkN2UtZTkyOS00NCIsImlhdCI6MTU5NzcyNDY3OCwiZXhwIjoxNTk3OTY0Njc4fQ.HfgofRBt3st9BKUhAGc5H2cRpyNIDc3_XeZYFk3dCNM","Accept":"application/json","Content-Type":"application/json"} 
2020-08-18 09:54:38.678 DEBUG Before redirect url = http://localhost:5001/login?appId=app_0598e629-78fb-49&domainName=http://localhost:9000&redirect_uri=http://localhost:9000/api/auth/login/callback&challenge=c4cfed6e-ccfa-41f2-a058-22595356d36b&challengeToken=eyJhbGciOiJIUzI1NiIsInR5cCI6IkpXVCJ9.eyJhcHBJZCI6ImFwcF8wNTk4ZTYyOS03OGZiLTQ5IiwiZG9tYWluTmFtZSI6Imh0dHA6Ly9sb2NhbGhvc3Q6OTAwMCIsInJlZGlyZWN0X3VyaSI6Imh0dHA6Ly9sb2NhbGhvc3Q6OTAwMC9hcGkvYXV0aC9sb2dpbi9jYWxsYmFjayIsImNoYWxsZW5nZSI6ImM0Y2ZlZDZlLWNjZmEtNDFmMi1hMDU4LTIyNTk1MzU2ZDM2YiIsImlhdCI6MTU5NzcyNDY3OCwiZXhwIjoxNTk3OTY0Njc4fQ.KL-thuKSdnrcZ2t8dhLW688DCrr9s1Htk_MOHuYBDLI 
2020-08-18 10:09:32.548 DEBUG Inside login request  
2020-08-18 10:09:32.548 DEBUG Param to send in oauth request =  {"appId":"app_0598e629-78fb-49","appSecret":"app_ab08bf75-0975-40"} 
2020-08-18 10:09:32.569 DEBUG Paramas to send in login request = {"domainName":"http://localhost:9000","redirect_uri":"http://localhost:9000/api/auth/login/callback"} 
2020-08-18 10:09:32.569 DEBUG Headers for login reqest = {"x-auth-token":"eyJhbGciOiJIUzI1NiIsInR5cCI6IkpXVCJ9.eyJpZCI6ImFwcF8wNTk4ZTYyOS03OGZiLTQ5IiwiYXBwSWQiOiJhcHBfMDU5OGU2MjktNzhmYi00OSIsImFwcFNlY3JldCI6ImFwcF9hYjA4YmY3NS0wOTc1LTQwIiwiaXNBY3RpdmUiOiJ0cnVlIiwibmFtZSI6IlRlc3RBcHAiLCJ1c2VySWQiOiJ1c3JfMTA1NmFkN2UtZTkyOS00NCIsImlhdCI6MTU5NzcyNTU3MiwiZXhwIjoxNTk3OTY1NTcyfQ.71PvQDCKiSHXRIkEKRfRfZmHn6RLhh35m4CpaR1kdNA","Accept":"application/json","Content-Type":"application/json"} 
2020-08-18 10:09:32.586 DEBUG Before redirect url = http://localhost:5001/login?appId=app_0598e629-78fb-49&domainName=http://localhost:9000&redirect_uri=http://localhost:9000/api/auth/login/callback&challenge=a2a940e8-35f5-4168-9eb8-87ab138d40dd&challengeToken=eyJhbGciOiJIUzI1NiIsInR5cCI6IkpXVCJ9.eyJhcHBJZCI6ImFwcF8wNTk4ZTYyOS03OGZiLTQ5IiwiZG9tYWluTmFtZSI6Imh0dHA6Ly9sb2NhbGhvc3Q6OTAwMCIsInJlZGlyZWN0X3VyaSI6Imh0dHA6Ly9sb2NhbGhvc3Q6OTAwMC9hcGkvYXV0aC9sb2dpbi9jYWxsYmFjayIsImNoYWxsZW5nZSI6ImEyYTk0MGU4LTM1ZjUtNDE2OC05ZWI4LTg3YWIxMzhkNDBkZCIsImlhdCI6MTU5NzcyNTU3MiwiZXhwIjoxNTk3OTY1NTcyfQ.QeWH9li0yZuWofKACTO71OuiR2TZeZ6VIpIHC74xzE0 
2020-08-18 10:14:09.765 DEBUG Inside login request  
2020-08-18 10:14:09.765 DEBUG Param to send in oauth request =  {"appId":"app_0598e629-78fb-49","appSecret":"app_ab08bf75-0975-40"} 
2020-08-18 10:14:09.773 DEBUG Paramas to send in login request = {"domainName":"http://localhost:9000","redirect_uri":"http://localhost:9000/api/auth/login/callback"} 
2020-08-18 10:14:09.773 DEBUG Headers for login reqest = {"x-auth-token":"eyJhbGciOiJIUzI1NiIsInR5cCI6IkpXVCJ9.eyJpZCI6ImFwcF8wNTk4ZTYyOS03OGZiLTQ5IiwiYXBwSWQiOiJhcHBfMDU5OGU2MjktNzhmYi00OSIsImFwcFNlY3JldCI6ImFwcF9hYjA4YmY3NS0wOTc1LTQwIiwiaXNBY3RpdmUiOiJ0cnVlIiwibmFtZSI6IlRlc3RBcHAiLCJ1c2VySWQiOiJ1c3JfMTA1NmFkN2UtZTkyOS00NCIsImlhdCI6MTU5NzcyNTg0OSwiZXhwIjoxNTk3OTY1ODQ5fQ.XAcLp6S_K9jslwKuXytZSKn03c7iYseA2VNMyz7OT-U","Accept":"application/json","Content-Type":"application/json"} 
2020-08-18 10:14:09.793 DEBUG Before redirect url = http://localhost:5001/login?appId=app_0598e629-78fb-49&domainName=http://localhost:9000&redirect_uri=http://localhost:9000/api/auth/login/callback&challenge=04548d40-e73b-42bf-b158-3f574ac919d3&challengeToken=eyJhbGciOiJIUzI1NiIsInR5cCI6IkpXVCJ9.eyJhcHBJZCI6ImFwcF8wNTk4ZTYyOS03OGZiLTQ5IiwiZG9tYWluTmFtZSI6Imh0dHA6Ly9sb2NhbGhvc3Q6OTAwMCIsInJlZGlyZWN0X3VyaSI6Imh0dHA6Ly9sb2NhbGhvc3Q6OTAwMC9hcGkvYXV0aC9sb2dpbi9jYWxsYmFjayIsImNoYWxsZW5nZSI6IjA0NTQ4ZDQwLWU3M2ItNDJiZi1iMTU4LTNmNTc0YWM5MTlkMyIsImlhdCI6MTU5NzcyNTg0OSwiZXhwIjoxNTk3OTY1ODQ5fQ.dho1BXvOeUlV3aSa3gw43NlhThQS4MbqAIBspwqEDHk 
2020-08-18 10:17:33.703 INFO  No argument passed. Proceeding with default params 
2020-08-18 10:17:33.713 INFO  The server is running on port 9000 
2020-08-18 10:17:33.716 INFO  Connected to ssi-infa database. DB path = /home/vishwas/work/pki-auth/examples/website/server/db/app.db 
2020-08-18 10:46:50.791 INFO  No argument passed. Proceeding with default params 
2020-08-18 10:46:50.800 INFO  The server is running on port 9000 
2020-08-18 10:46:50.801 INFO  Connected to ssi-infa database. DB path = /home/vishwas/work/pki-auth/examples/website/server/db/app.db 
2020-08-18 10:47:04.218 INFO  No argument passed. Proceeding with default params 
2020-08-18 10:47:04.226 INFO  The server is running on port 9000 
2020-08-18 10:47:04.227 INFO  Connected to ssi-infa database. DB path = /home/vishwas/work/pki-auth/examples/website/server/db/app.db 
2020-08-18 10:54:56.032 INFO  No argument passed. Proceeding with default params 
2020-08-18 10:54:56.045 INFO  The server is running on port 9000 
2020-08-18 10:54:56.047 INFO  Connected to ssi-infa database. DB path = /home/vishwas/work/pki-auth/examples/website/server/db/app.db 
2020-08-18 10:56:40.100 INFO  No argument passed. Proceeding with default params 
2020-08-18 10:56:40.116 INFO  The server is running on port 9000 
2020-08-18 10:56:40.118 INFO  Connected to ssi-infa database. DB path = /home/vishwas/work/pki-auth/examples/website/server/db/app.db 
2020-08-18 10:56:51.132 DEBUG Inside login request  
2020-08-18 10:56:51.132 DEBUG Param to send in oauth request =  {"appId":"app_0598e629-78fb-49","appSecret":"app_ab08bf75-0975-40"} 
2020-08-18 10:56:51.163 DEBUG Paramas to send in login request = {"domainName":"http://localhost:9000","redirect_uri":"http://localhost:9000/api/auth/login/callback"} 
2020-08-18 10:56:51.163 DEBUG Headers for login reqest = {"x-auth-token":"eyJhbGciOiJIUzI1NiIsInR5cCI6IkpXVCJ9.eyJpZCI6ImFwcF8wNTk4ZTYyOS03OGZiLTQ5IiwiYXBwSWQiOiJhcHBfMDU5OGU2MjktNzhmYi00OSIsImFwcFNlY3JldCI6ImFwcF9hYjA4YmY3NS0wOTc1LTQwIiwiaXNBY3RpdmUiOiJ0cnVlIiwibmFtZSI6IlRlc3RBcHAiLCJ1c2VySWQiOiJ1c3JfMTA1NmFkN2UtZTkyOS00NCIsImlhdCI6MTU5NzcyODQxMSwiZXhwIjoxNTk3OTY4NDExfQ.A8Cy2P39E5T_Djiu_LckaaSd6RYPWlYeuyE9HYL1jGA","Accept":"application/json","Content-Type":"application/json"} 
2020-08-18 10:56:51.180 DEBUG Before redirect url = http://localhost:5001/login?appId=app_0598e629-78fb-49&domainName=http://localhost:9000&redirect_uri=http://localhost:9000/api/auth/login/callback&challenge=90ec6466-ea23-45c8-82bc-d94681da62bb&challengeToken=eyJhbGciOiJIUzI1NiIsInR5cCI6IkpXVCJ9.eyJhcHBJZCI6ImFwcF8wNTk4ZTYyOS03OGZiLTQ5IiwiZG9tYWluTmFtZSI6Imh0dHA6Ly9sb2NhbGhvc3Q6OTAwMCIsInJlZGlyZWN0X3VyaSI6Imh0dHA6Ly9sb2NhbGhvc3Q6OTAwMC9hcGkvYXV0aC9sb2dpbi9jYWxsYmFjayIsImNoYWxsZW5nZSI6IjkwZWM2NDY2LWVhMjMtNDVjOC04MmJjLWQ5NDY4MWRhNjJiYiIsImlhdCI6MTU5NzcyODQxMSwiZXhwIjoxNTk3OTY4NDExfQ.xBEni5Rz2Kf3tLtQyJHnpBOLOUPFOwlZryOSdtCH3OI 
2020-08-18 10:57:12.235 DEBUG login_callback from authserver 
2020-08-18 10:57:12.235 DEBUG {"userData":"8a7f4ba0ee44657ae03d019fcb2f09"} 
2020-08-18 10:59:26.641 INFO  No argument passed. Proceeding with default params 
2020-08-18 10:59:26.650 INFO  The server is running on port 9000 
2020-08-18 10:59:26.652 INFO  Connected to ssi-infa database. DB path = /home/vishwas/work/pki-auth/examples/website/server/db/app.db 
2020-08-18 10:59:46.663 DEBUG Inside login request  
2020-08-18 10:59:46.663 DEBUG Param to send in oauth request =  {"appId":"app_0598e629-78fb-49","appSecret":"app_ab08bf75-0975-40"} 
2020-08-18 10:59:46.714 DEBUG Paramas to send in login request = {"domainName":"http://localhost:9000","redirect_uri":"http://localhost:9000/api/auth/login/callback"} 
2020-08-18 10:59:46.714 DEBUG Headers for login reqest = {"x-auth-token":"eyJhbGciOiJIUzI1NiIsInR5cCI6IkpXVCJ9.eyJpZCI6ImFwcF8wNTk4ZTYyOS03OGZiLTQ5IiwiYXBwSWQiOiJhcHBfMDU5OGU2MjktNzhmYi00OSIsImFwcFNlY3JldCI6ImFwcF9hYjA4YmY3NS0wOTc1LTQwIiwiaXNBY3RpdmUiOiJ0cnVlIiwibmFtZSI6IlRlc3RBcHAiLCJ1c2VySWQiOiJ1c3JfMTA1NmFkN2UtZTkyOS00NCIsImlhdCI6MTU5NzcyODU4NiwiZXhwIjoxNTk3OTY4NTg2fQ.MV9CWvuh2tIWlis98izdpIu_05DdXEs6-R51CpEPBe8","Accept":"application/json","Content-Type":"application/json"} 
2020-08-18 10:59:46.732 DEBUG Before redirect url = http://localhost:5001/login?appId=app_0598e629-78fb-49&domainName=http://localhost:9000&redirect_uri=http://localhost:9000/api/auth/login/callback&challenge=0939c216-1184-4d1e-990f-1bf013a6c24a&challengeToken=eyJhbGciOiJIUzI1NiIsInR5cCI6IkpXVCJ9.eyJhcHBJZCI6ImFwcF8wNTk4ZTYyOS03OGZiLTQ5IiwiZG9tYWluTmFtZSI6Imh0dHA6Ly9sb2NhbGhvc3Q6OTAwMCIsInJlZGlyZWN0X3VyaSI6Imh0dHA6Ly9sb2NhbGhvc3Q6OTAwMC9hcGkvYXV0aC9sb2dpbi9jYWxsYmFjayIsImNoYWxsZW5nZSI6IjA5MzljMjE2LTExODQtNGQxZS05OTBmLTFiZjAxM2E2YzI0YSIsImlhdCI6MTU5NzcyODU4NiwiZXhwIjoxNTk3OTY4NTg2fQ.cYKrxU6g9MenBjHK_l3qUIXuURXlt39x9T0qmVcbH3c 
2020-08-18 10:59:55.999 DEBUG login_callback from authserver 
2020-08-18 11:00:05.761 INFO  No argument passed. Proceeding with default params 
2020-08-18 11:00:05.775 INFO  The server is running on port 9000 
2020-08-18 11:00:05.776 INFO  Connected to ssi-infa database. DB path = /home/vishwas/work/pki-auth/examples/website/server/db/app.db 
2020-08-18 11:00:14.594 DEBUG Inside login request  
2020-08-18 11:00:14.595 DEBUG Param to send in oauth request =  {"appId":"app_0598e629-78fb-49","appSecret":"app_ab08bf75-0975-40"} 
2020-08-18 11:00:14.667 DEBUG Paramas to send in login request = {"domainName":"http://localhost:9000","redirect_uri":"http://localhost:9000/api/auth/login/callback"} 
2020-08-18 11:00:14.667 DEBUG Headers for login reqest = {"x-auth-token":"eyJhbGciOiJIUzI1NiIsInR5cCI6IkpXVCJ9.eyJpZCI6ImFwcF8wNTk4ZTYyOS03OGZiLTQ5IiwiYXBwSWQiOiJhcHBfMDU5OGU2MjktNzhmYi00OSIsImFwcFNlY3JldCI6ImFwcF9hYjA4YmY3NS0wOTc1LTQwIiwiaXNBY3RpdmUiOiJ0cnVlIiwibmFtZSI6IlRlc3RBcHAiLCJ1c2VySWQiOiJ1c3JfMTA1NmFkN2UtZTkyOS00NCIsImlhdCI6MTU5NzcyODYxNCwiZXhwIjoxNTk3OTY4NjE0fQ.FkMgCv7jf785zr2NKpDRHs6ht_BfnsuUcH71dF-Mf-U","Accept":"application/json","Content-Type":"application/json"} 
2020-08-18 11:00:14.680 DEBUG Before redirect url = http://localhost:5001/login?appId=app_0598e629-78fb-49&domainName=http://localhost:9000&redirect_uri=http://localhost:9000/api/auth/login/callback&challenge=40d0ed5a-63ba-44b0-94db-db9d4bbb00a2&challengeToken=eyJhbGciOiJIUzI1NiIsInR5cCI6IkpXVCJ9.eyJhcHBJZCI6ImFwcF8wNTk4ZTYyOS03OGZiLTQ5IiwiZG9tYWluTmFtZSI6Imh0dHA6Ly9sb2NhbGhvc3Q6OTAwMCIsInJlZGlyZWN0X3VyaSI6Imh0dHA6Ly9sb2NhbGhvc3Q6OTAwMC9hcGkvYXV0aC9sb2dpbi9jYWxsYmFjayIsImNoYWxsZW5nZSI6IjQwZDBlZDVhLTYzYmEtNDRiMC05NGRiLWRiOWQ0YmJiMDBhMiIsImlhdCI6MTU5NzcyODYxNCwiZXhwIjoxNTk3OTY4NjE0fQ.QhSRzMDXMNFBh-LV3lX248HkFAOjwoj3sFiN9qqQZ0I 
2020-08-18 11:00:22.968 DEBUG login_callback from authserver 
2020-08-18 11:00:46.141 INFO  No argument passed. Proceeding with default params 
2020-08-18 11:00:46.149 INFO  The server is running on port 9000 
2020-08-18 11:00:46.150 INFO  Connected to ssi-infa database. DB path = /home/vishwas/work/pki-auth/examples/website/server/db/app.db 
2020-08-18 11:00:51.570 INFO  No argument passed. Proceeding with default params 
2020-08-18 11:00:51.578 INFO  The server is running on port 9000 
2020-08-18 11:00:51.580 INFO  Connected to ssi-infa database. DB path = /home/vishwas/work/pki-auth/examples/website/server/db/app.db 
2020-08-18 11:01:03.157 DEBUG Inside login request  
2020-08-18 11:01:03.157 DEBUG Param to send in oauth request =  {"appId":"app_0598e629-78fb-49","appSecret":"app_ab08bf75-0975-40"} 
2020-08-18 11:01:03.179 DEBUG Paramas to send in login request = {"domainName":"http://localhost:9000","redirect_uri":"http://localhost:9000/api/auth/login/callback"} 
2020-08-18 11:01:03.179 DEBUG Headers for login reqest = {"x-auth-token":"eyJhbGciOiJIUzI1NiIsInR5cCI6IkpXVCJ9.eyJpZCI6ImFwcF8wNTk4ZTYyOS03OGZiLTQ5IiwiYXBwSWQiOiJhcHBfMDU5OGU2MjktNzhmYi00OSIsImFwcFNlY3JldCI6ImFwcF9hYjA4YmY3NS0wOTc1LTQwIiwiaXNBY3RpdmUiOiJ0cnVlIiwibmFtZSI6IlRlc3RBcHAiLCJ1c2VySWQiOiJ1c3JfMTA1NmFkN2UtZTkyOS00NCIsImlhdCI6MTU5NzcyODY2MywiZXhwIjoxNTk3OTY4NjYzfQ.xTUFtU5UEG_oR0X6jB6_6VVqVV9cEfyoy3yGCxpzbFs","Accept":"application/json","Content-Type":"application/json"} 
2020-08-18 11:01:03.194 DEBUG Before redirect url = http://localhost:5001/login?appId=app_0598e629-78fb-49&domainName=http://localhost:9000&redirect_uri=http://localhost:9000/api/auth/login/callback&challenge=dc054adf-7447-43a3-8035-f016fdd69484&challengeToken=eyJhbGciOiJIUzI1NiIsInR5cCI6IkpXVCJ9.eyJhcHBJZCI6ImFwcF8wNTk4ZTYyOS03OGZiLTQ5IiwiZG9tYWluTmFtZSI6Imh0dHA6Ly9sb2NhbGhvc3Q6OTAwMCIsInJlZGlyZWN0X3VyaSI6Imh0dHA6Ly9sb2NhbGhvc3Q6OTAwMC9hcGkvYXV0aC9sb2dpbi9jYWxsYmFjayIsImNoYWxsZW5nZSI6ImRjMDU0YWRmLTc0NDctNDNhMy04MDM1LWYwMTZmZGQ2OTQ4NCIsImlhdCI6MTU5NzcyODY2MywiZXhwIjoxNTk3OTY4NjYzfQ.GImCsHL3PYZhHSm8gDY9WQDvqhGrfyQeDBcm0YvmYtA 
2020-08-18 11:01:11.733 DEBUG login_callback from authserver 
2020-08-18 11:01:23.976 INFO  No argument passed. Proceeding with default params 
2020-08-18 11:01:23.984 INFO  The server is running on port 9000 
2020-08-18 11:01:23.985 INFO  Connected to ssi-infa database. DB path = /home/vishwas/work/pki-auth/examples/website/server/db/app.db 
2020-08-18 11:01:28.934 DEBUG Inside login request  
2020-08-18 11:01:28.934 DEBUG Param to send in oauth request =  {"appId":"app_0598e629-78fb-49","appSecret":"app_ab08bf75-0975-40"} 
2020-08-18 11:01:28.978 DEBUG Paramas to send in login request = {"domainName":"http://localhost:9000","redirect_uri":"http://localhost:9000/api/auth/login/callback"} 
2020-08-18 11:01:28.978 DEBUG Headers for login reqest = {"x-auth-token":"eyJhbGciOiJIUzI1NiIsInR5cCI6IkpXVCJ9.eyJpZCI6ImFwcF8wNTk4ZTYyOS03OGZiLTQ5IiwiYXBwSWQiOiJhcHBfMDU5OGU2MjktNzhmYi00OSIsImFwcFNlY3JldCI6ImFwcF9hYjA4YmY3NS0wOTc1LTQwIiwiaXNBY3RpdmUiOiJ0cnVlIiwibmFtZSI6IlRlc3RBcHAiLCJ1c2VySWQiOiJ1c3JfMTA1NmFkN2UtZTkyOS00NCIsImlhdCI6MTU5NzcyODY4OCwiZXhwIjoxNTk3OTY4Njg4fQ.qM4IjVWyzLVFxuSy8AeKKSX0aBApixsRVgiyukMx0fk","Accept":"application/json","Content-Type":"application/json"} 
2020-08-18 11:01:28.988 DEBUG Before redirect url = http://localhost:5001/login?appId=app_0598e629-78fb-49&domainName=http://localhost:9000&redirect_uri=http://localhost:9000/api/auth/login/callback&challenge=60d8896f-a30d-486e-9191-89947c8e98e7&challengeToken=eyJhbGciOiJIUzI1NiIsInR5cCI6IkpXVCJ9.eyJhcHBJZCI6ImFwcF8wNTk4ZTYyOS03OGZiLTQ5IiwiZG9tYWluTmFtZSI6Imh0dHA6Ly9sb2NhbGhvc3Q6OTAwMCIsInJlZGlyZWN0X3VyaSI6Imh0dHA6Ly9sb2NhbGhvc3Q6OTAwMC9hcGkvYXV0aC9sb2dpbi9jYWxsYmFjayIsImNoYWxsZW5nZSI6IjYwZDg4OTZmLWEzMGQtNDg2ZS05MTkxLTg5OTQ3YzhlOThlNyIsImlhdCI6MTU5NzcyODY4OCwiZXhwIjoxNTk3OTY4Njg4fQ.Soo684n2zUKyNmYLXEwFvTX48MeHEP2nN75natCS6dI 
2020-08-18 11:01:36.434 DEBUG login_callback from authserver 
2020-08-18 11:02:28.554 INFO  No argument passed. Proceeding with default params 
2020-08-18 11:02:28.562 INFO  The server is running on port 9000 
2020-08-18 11:02:28.564 INFO  Connected to ssi-infa database. DB path = /home/vishwas/work/pki-auth/examples/website/server/db/app.db 
2020-08-18 11:04:16.108 INFO  No argument passed. Proceeding with default params 
2020-08-18 11:04:16.117 INFO  The server is running on port 9000 
2020-08-18 11:04:16.120 INFO  Connected to ssi-infa database. DB path = /home/vishwas/work/pki-auth/examples/website/server/db/app.db 
2020-08-18 11:04:25.270 DEBUG Inside login request  
2020-08-18 11:04:25.270 DEBUG Param to send in oauth request =  {"appId":"app_0598e629-78fb-49","appSecret":"app_ab08bf75-0975-40"} 
2020-08-18 11:04:25.304 DEBUG Paramas to send in login request = {"domainName":"http://localhost:9000","redirect_uri":"http://localhost:9000/api/auth/login/callback"} 
2020-08-18 11:04:25.304 DEBUG Headers for login reqest = {"x-auth-token":"eyJhbGciOiJIUzI1NiIsInR5cCI6IkpXVCJ9.eyJpZCI6ImFwcF8wNTk4ZTYyOS03OGZiLTQ5IiwiYXBwSWQiOiJhcHBfMDU5OGU2MjktNzhmYi00OSIsImFwcFNlY3JldCI6ImFwcF9hYjA4YmY3NS0wOTc1LTQwIiwiaXNBY3RpdmUiOiJ0cnVlIiwibmFtZSI6IlRlc3RBcHAiLCJ1c2VySWQiOiJ1c3JfMTA1NmFkN2UtZTkyOS00NCIsImlhdCI6MTU5NzcyODg2NSwiZXhwIjoxNTk3OTY4ODY1fQ.Bzn_K1IwL58tKndn1sTPCAnkuKBpqK7XoeDO4w-VHJk","Accept":"application/json","Content-Type":"application/json"} 
2020-08-18 11:04:25.325 DEBUG Before redirect url = http://localhost:5001/login?appId=app_0598e629-78fb-49&domainName=http://localhost:9000&redirect_uri=http://localhost:9000/api/auth/login/callback&challenge=87f246cc-d0f3-48f7-a8a6-ba3eb2e42f79&challengeToken=eyJhbGciOiJIUzI1NiIsInR5cCI6IkpXVCJ9.eyJhcHBJZCI6ImFwcF8wNTk4ZTYyOS03OGZiLTQ5IiwiZG9tYWluTmFtZSI6Imh0dHA6Ly9sb2NhbGhvc3Q6OTAwMCIsInJlZGlyZWN0X3VyaSI6Imh0dHA6Ly9sb2NhbGhvc3Q6OTAwMC9hcGkvYXV0aC9sb2dpbi9jYWxsYmFjayIsImNoYWxsZW5nZSI6Ijg3ZjI0NmNjLWQwZjMtNDhmNy1hOGE2LWJhM2ViMmU0MmY3OSIsImlhdCI6MTU5NzcyODg2NSwiZXhwIjoxNTk3OTY4ODY1fQ.LKQUMGZlRoLe_Rh_uuMEpXdIg1ZeDAzZZIIN7eyIcUo 
2020-08-18 11:04:33.456 DEBUG login_callback from authserver 
2020-08-18 11:05:13.155 INFO  No argument passed. Proceeding with default params 
2020-08-18 11:05:13.163 INFO  The server is running on port 9000 
2020-08-18 11:05:13.164 INFO  Connected to ssi-infa database. DB path = /home/vishwas/work/pki-auth/examples/website/server/db/app.db 
2020-08-18 11:05:20.087 DEBUG Inside login request  
2020-08-18 11:05:20.087 DEBUG Param to send in oauth request =  {"appId":"app_0598e629-78fb-49","appSecret":"app_ab08bf75-0975-40"} 
2020-08-18 11:05:20.119 DEBUG Paramas to send in login request = {"domainName":"http://localhost:9000","redirect_uri":"http://localhost:9000/api/auth/login/callback"} 
2020-08-18 11:05:20.119 DEBUG Headers for login reqest = {"x-auth-token":"eyJhbGciOiJIUzI1NiIsInR5cCI6IkpXVCJ9.eyJpZCI6ImFwcF8wNTk4ZTYyOS03OGZiLTQ5IiwiYXBwSWQiOiJhcHBfMDU5OGU2MjktNzhmYi00OSIsImFwcFNlY3JldCI6ImFwcF9hYjA4YmY3NS0wOTc1LTQwIiwiaXNBY3RpdmUiOiJ0cnVlIiwibmFtZSI6IlRlc3RBcHAiLCJ1c2VySWQiOiJ1c3JfMTA1NmFkN2UtZTkyOS00NCIsImlhdCI6MTU5NzcyODkyMCwiZXhwIjoxNTk3OTY4OTIwfQ.gPoGDWSntWhfKBoh3YBNAJsz9Ri3cOQoUeN0ZzWJQUc","Accept":"application/json","Content-Type":"application/json"} 
2020-08-18 11:05:20.132 DEBUG Before redirect url = http://localhost:5001/login?appId=app_0598e629-78fb-49&domainName=http://localhost:9000&redirect_uri=http://localhost:9000/api/auth/login/callback&challenge=128c11fa-5224-4d93-9315-6c119e676127&challengeToken=eyJhbGciOiJIUzI1NiIsInR5cCI6IkpXVCJ9.eyJhcHBJZCI6ImFwcF8wNTk4ZTYyOS03OGZiLTQ5IiwiZG9tYWluTmFtZSI6Imh0dHA6Ly9sb2NhbGhvc3Q6OTAwMCIsInJlZGlyZWN0X3VyaSI6Imh0dHA6Ly9sb2NhbGhvc3Q6OTAwMC9hcGkvYXV0aC9sb2dpbi9jYWxsYmFjayIsImNoYWxsZW5nZSI6IjEyOGMxMWZhLTUyMjQtNGQ5My05MzE1LTZjMTE5ZTY3NjEyNyIsImlhdCI6MTU5NzcyODkyMCwiZXhwIjoxNTk3OTY4OTIwfQ.Bx64EIS0WQimbY9yOPKQBy3_FhqsxONIWdLHc2DXpGg 
2020-08-18 11:05:33.982 DEBUG login_callback from authserver 
2020-08-18 11:12:11.891 INFO  No argument passed. Proceeding with default params 
2020-08-18 11:12:11.899 INFO  The server is running on port 9000 
2020-08-18 11:12:11.900 INFO  Connected to ssi-infa database. DB path = /home/vishwas/work/pki-auth/examples/website/server/db/app.db 
2020-08-18 11:17:54.749 INFO  No argument passed. Proceeding with default params 
2020-08-18 11:17:54.757 INFO  The server is running on port 9000 
2020-08-18 11:17:54.759 INFO  Connected to ssi-infa database. DB path = /home/vishwas/work/pki-auth/examples/website/server/db/app.db 
2020-08-18 11:20:57.051 INFO  No argument passed. Proceeding with default params 
2020-08-18 11:20:57.059 INFO  The server is running on port 9000 
2020-08-18 11:20:57.060 INFO  Connected to ssi-infa database. DB path = /home/vishwas/work/pki-auth/examples/website/server/db/app.db 
2020-08-18 11:28:04.784 INFO  No argument passed. Proceeding with default params 
2020-08-18 11:28:04.800 INFO  The server is running on port 9000 
2020-08-18 11:28:04.807 INFO  Connected to ssi-infa database. DB path = /home/vishwas/work/pki-auth/examples/website/server/db/app.db 
2020-08-18 15:58:57.431 INFO  No argument passed. Proceeding with default params 
2020-08-18 15:58:57.439 INFO  The server is running on port 9000 
2020-08-18 15:58:57.440 INFO  Connected to ssi-infa database. DB path = /home/vishwas/work/pki-auth/examples/website/server/db/app.db 
2020-08-18 16:35:16.508 DEBUG Inside login request  
2020-08-18 16:35:16.508 DEBUG Param to send in oauth request =  {"appId":"app_0598e629-78fb-49","appSecret":"app_ab08bf75-0975-40"} 
2020-08-18 16:35:16.591 DEBUG Paramas to send in login request = {"domainName":"http://localhost:9000","redirect_uri":"http://localhost:9000/api/auth/login/callback"} 
2020-08-18 16:35:16.591 DEBUG Headers for login reqest = {"x-auth-token":"eyJhbGciOiJIUzI1NiIsInR5cCI6IkpXVCJ9.eyJpZCI6ImFwcF8wNTk4ZTYyOS03OGZiLTQ5IiwiYXBwSWQiOiJhcHBfMDU5OGU2MjktNzhmYi00OSIsImFwcFNlY3JldCI6ImFwcF9hYjA4YmY3NS0wOTc1LTQwIiwiaXNBY3RpdmUiOiJ0cnVlIiwibmFtZSI6IlRlc3RBcHAiLCJ1c2VySWQiOiJ1c3JfMTA1NmFkN2UtZTkyOS00NCIsImlhdCI6MTU5Nzc0ODcxNiwiZXhwIjoxNTk3OTg4NzE2fQ.S3UOtY8ZHLSL70cRJZapLr4nPFmRtmv0ry029CkDkDs","Accept":"application/json","Content-Type":"application/json"} 
2020-08-18 16:35:16.613 DEBUG Before redirect url = http://localhost:5001/login?appId=app_0598e629-78fb-49&domainName=http://localhost:9000&redirect_uri=http://localhost:9000/api/auth/login/callback&challenge=98e24eee-c46d-40f6-bcd0-b1172946bc07&challengeToken=eyJhbGciOiJIUzI1NiIsInR5cCI6IkpXVCJ9.eyJhcHBJZCI6ImFwcF8wNTk4ZTYyOS03OGZiLTQ5IiwiZG9tYWluTmFtZSI6Imh0dHA6Ly9sb2NhbGhvc3Q6OTAwMCIsInJlZGlyZWN0X3VyaSI6Imh0dHA6Ly9sb2NhbGhvc3Q6OTAwMC9hcGkvYXV0aC9sb2dpbi9jYWxsYmFjayIsImNoYWxsZW5nZSI6Ijk4ZTI0ZWVlLWM0NmQtNDBmNi1iY2QwLWIxMTcyOTQ2YmMwNyIsImlhdCI6MTU5Nzc0ODcxNiwiZXhwIjoxNTk3OTg4NzE2fQ.Mlh4HiWudbmVbSpiHViqKLohwAwOEHUxnnAgw63ppr4 
2020-08-18 16:39:31.554 DEBUG Inside login request  
2020-08-18 16:39:31.555 DEBUG Param to send in oauth request =  {"appId":"app_0598e629-78fb-49","appSecret":"app_ab08bf75-0975-40"} 
2020-08-18 16:39:31.591 DEBUG Paramas to send in login request = {"domainName":"http://localhost:9000","redirect_uri":"http://localhost:9000/api/auth/login/callback"} 
2020-08-18 16:39:31.592 DEBUG Headers for login reqest = {"x-auth-token":"eyJhbGciOiJIUzI1NiIsInR5cCI6IkpXVCJ9.eyJpZCI6ImFwcF8wNTk4ZTYyOS03OGZiLTQ5IiwiYXBwSWQiOiJhcHBfMDU5OGU2MjktNzhmYi00OSIsImFwcFNlY3JldCI6ImFwcF9hYjA4YmY3NS0wOTc1LTQwIiwiaXNBY3RpdmUiOiJ0cnVlIiwibmFtZSI6IlRlc3RBcHAiLCJ1c2VySWQiOiJ1c3JfMTA1NmFkN2UtZTkyOS00NCIsImlhdCI6MTU5Nzc0ODk3MSwiZXhwIjoxNTk3OTg4OTcxfQ.BYbC8JyztGKenxlvx41OyEvZHu1GtQGjntwPdo99rjo","Accept":"application/json","Content-Type":"application/json"} 
2020-08-18 16:39:31.610 DEBUG Before redirect url = http://localhost:5001/login?appId=app_0598e629-78fb-49&domainName=http://localhost:9000&redirect_uri=http://localhost:9000/api/auth/login/callback&challenge=21aae65e-937a-4825-8755-9bbfd7658df1&challengeToken=eyJhbGciOiJIUzI1NiIsInR5cCI6IkpXVCJ9.eyJhcHBJZCI6ImFwcF8wNTk4ZTYyOS03OGZiLTQ5IiwiZG9tYWluTmFtZSI6Imh0dHA6Ly9sb2NhbGhvc3Q6OTAwMCIsInJlZGlyZWN0X3VyaSI6Imh0dHA6Ly9sb2NhbGhvc3Q6OTAwMC9hcGkvYXV0aC9sb2dpbi9jYWxsYmFjayIsImNoYWxsZW5nZSI6IjIxYWFlNjVlLTkzN2EtNDgyNS04NzU1LTliYmZkNzY1OGRmMSIsImlhdCI6MTU5Nzc0ODk3MSwiZXhwIjoxNTk3OTg4OTcxfQ.5NsfbdnsWIucRoiQ9v0BQK3YbuUX9h_MMqHbEsgZhtY 
2020-08-18 16:39:43.506 DEBUG login_callback from authserver 
2020-08-18 16:39:43.509 DEBUG User data = [object Object] 
2020-08-18 16:39:43.509 INFO  Method: constructor: DBService constructor 
2020-08-18 16:39:43.510 INFO  Method: Get: schema type is USER 
2020-08-18 16:39:43.510 INFO  Before fetching the user query = SELECT * FROM User WHERE  email = ?  
2020-08-18 16:40:21.578 INFO  WARNING!!!!!!! 
2020-08-18 16:40:21.578 INFO  -> newdb : It will delete the database (if exists) and recreate. I hope you know what you doing. 
2020-08-18 16:40:21.578 INFO  Method: constructor: DBService constructor 
2020-08-18 16:40:21.578 DEBUG DB SETUP SERVICE:: Dropping User table..... 
2020-08-18 16:40:21.578 DEBUG Method: dropTable: Before dropTable User table: query = DROP TABLE User; 
2020-08-18 16:40:21.588 INFO  The server is running on port 9000 
2020-08-18 16:40:21.589 INFO  Connected to ssi-infa database. DB path = /home/vishwas/work/pki-auth/examples/website/server/db/app.db 
2020-08-18 16:40:21.591 DEBUG Method: dropTable: After dropTable User table res =  
2020-08-18 16:40:21.592 ERROR ERROR 
2020-08-18 16:40:21.592 DEBUG DB SETUP SERVICE:: Error = "ERROR" 
2020-08-18 16:41:09.157 INFO  WARNING!!!!!!! 
2020-08-18 16:41:09.158 INFO  -> newdb : It will delete the database (if exists) and recreate. I hope you know what you doing. 
2020-08-18 16:41:09.158 INFO  Method: constructor: DBService constructor 
2020-08-18 16:41:09.158 DEBUG DB SETUP SERVICE:: Dropping User table..... 
2020-08-18 16:41:09.158 DEBUG Method: dropTable: Before dropTable User table: query = DROP TABLE User; 
2020-08-18 16:41:09.171 INFO  The server is running on port 9000 
2020-08-18 16:41:09.173 INFO  Connected to ssi-infa database. DB path = /home/vishwas/work/pki-auth/examples/website/server/db/app.db 
2020-08-18 16:41:09.175 DEBUG Method: dropTable: After dropTable User table res =  
2020-08-18 16:41:09.175 ERROR ERROR 
2020-08-18 16:41:09.175 DEBUG DB SETUP SERVICE:: Error = "ERROR" 
2020-08-18 16:43:11.307 INFO  Method: constructor: DBService constructor 
2020-08-18 16:43:11.308 INFO  WARNING!!!!!!! 
2020-08-18 16:43:11.308 INFO  -> newdb : It will delete the database (if exists) and recreate. I hope you know what you doing. 
2020-08-18 16:43:11.309 DEBUG Method: dropTable: Before dropTable User table: query = DROP TABLE User; 
2020-08-18 16:43:11.322 INFO  The server is running on port 9000 
2020-08-18 16:43:11.323 INFO  Connected to ssi-infa database. DB path = /home/vishwas/work/pki-auth/examples/website/server/db/app.db 
2020-08-18 16:43:11.325 DEBUG Method: dropTable: After dropTable User table res =  
2020-08-18 16:43:11.326 ERROR ERROR 
2020-08-18 16:43:11.327 DEBUG Method: createTable: Before dropping User table: query = CREATE TABLE User (id INTEGER PRIMARY KEY AUTOINCREMENT UNIQUE, fname text, lname text, phoneNumber text, username text, password text, email text, publicKey text, hash text, birthdate text, jobTitle text) 
2020-08-18 16:43:11.354 DEBUG Method: createTable: After dropping User table res =  
2020-08-18 16:43:17.823 INFO  Method: constructor: DBService constructor 
2020-08-18 16:43:17.823 INFO  WARNING!!!!!!! 
2020-08-18 16:43:17.823 INFO  -> newdb : It will delete the database (if exists) and recreate. I hope you know what you doing. 
2020-08-18 16:43:17.824 DEBUG Method: dropTable: Before dropTable User table: query = DROP TABLE User; 
2020-08-18 16:43:17.834 INFO  The server is running on port 9000 
2020-08-18 16:43:17.835 INFO  Connected to ssi-infa database. DB path = /home/vishwas/work/pki-auth/examples/website/server/db/app.db 
2020-08-18 16:43:17.859 DEBUG Method: dropTable: After dropTable User table res =  
2020-08-18 16:43:17.860 DEBUG Method: createTable: Before dropping User table: query = CREATE TABLE User (id INTEGER PRIMARY KEY AUTOINCREMENT UNIQUE, fname text, lname text, phoneNumber text, username text, password text, email text, publicKey text, hash text, birthdate text, jobTitle text) 
2020-08-18 16:43:17.880 DEBUG Method: createTable: After dropping User table res =  
2020-08-18 16:43:39.830 INFO  Method: constructor: DBService constructor 
2020-08-18 16:43:39.831 INFO  No argument passed. Proceeding with default params 
2020-08-18 16:43:39.840 INFO  The server is running on port 9000 
2020-08-18 16:43:39.843 INFO  Connected to ssi-infa database. DB path = /home/vishwas/work/pki-auth/examples/website/server/db/app.db 
2020-08-18 16:43:50.606 DEBUG Inside login request  
2020-08-18 16:43:50.606 DEBUG Param to send in oauth request =  {"appId":"app_0598e629-78fb-49","appSecret":"app_ab08bf75-0975-40"} 
2020-08-18 16:43:50.644 DEBUG Paramas to send in login request = {"domainName":"http://localhost:9000","redirect_uri":"http://localhost:9000/api/auth/login/callback"} 
2020-08-18 16:43:50.644 DEBUG Headers for login reqest = {"x-auth-token":"eyJhbGciOiJIUzI1NiIsInR5cCI6IkpXVCJ9.eyJpZCI6ImFwcF8wNTk4ZTYyOS03OGZiLTQ5IiwiYXBwSWQiOiJhcHBfMDU5OGU2MjktNzhmYi00OSIsImFwcFNlY3JldCI6ImFwcF9hYjA4YmY3NS0wOTc1LTQwIiwiaXNBY3RpdmUiOiJ0cnVlIiwibmFtZSI6IlRlc3RBcHAiLCJ1c2VySWQiOiJ1c3JfMTA1NmFkN2UtZTkyOS00NCIsImlhdCI6MTU5Nzc0OTIzMCwiZXhwIjoxNTk3OTg5MjMwfQ.PJV_LQXxZeoYl5YzQHlv5lCe_YT5XGDfWCJLqthlFTY","Accept":"application/json","Content-Type":"application/json"} 
2020-08-18 16:43:50.701 DEBUG Before redirect url = http://localhost:5001/login?appId=app_0598e629-78fb-49&domainName=http://localhost:9000&redirect_uri=http://localhost:9000/api/auth/login/callback&challenge=b7db4826-d982-4d6e-bf3f-5ec8d5a44eec&challengeToken=eyJhbGciOiJIUzI1NiIsInR5cCI6IkpXVCJ9.eyJhcHBJZCI6ImFwcF8wNTk4ZTYyOS03OGZiLTQ5IiwiZG9tYWluTmFtZSI6Imh0dHA6Ly9sb2NhbGhvc3Q6OTAwMCIsInJlZGlyZWN0X3VyaSI6Imh0dHA6Ly9sb2NhbGhvc3Q6OTAwMC9hcGkvYXV0aC9sb2dpbi9jYWxsYmFjayIsImNoYWxsZW5nZSI6ImI3ZGI0ODI2LWQ5ODItNGQ2ZS1iZjNmLTVlYzhkNWE0NGVlYyIsImlhdCI6MTU5Nzc0OTIzMCwiZXhwIjoxNTk3OTg5MjMwfQ.BjuRnl1vFi-yiw1qDtAXf1C-W6ZQboMwBeBC7cdeAag 
2020-08-18 16:44:00.139 DEBUG login_callback from authserver 
2020-08-18 16:44:00.142 DEBUG User data = [object Object] 
2020-08-18 16:44:00.142 INFO  Method: constructor: DBService constructor 
2020-08-18 16:44:00.142 INFO  Method: Get: schema type is USER 
2020-08-18 16:44:00.143 INFO  Before fetching the user query = SELECT * FROM User WHERE  email = ?  
2020-08-18 16:44:00.147 DEBUG Userstrgin in db = undefined 
2020-08-18 16:44:00.147 DEBUG Before creating the user 
2020-08-18 16:44:00.148 DEBUG Method: Add: schema type is USER 
2020-08-18 16:44:00.148 DEBUG Method: Add: Before inserting the data 
2020-08-18 16:44:00.179 INFO  Method: Get: schema type is USER 
2020-08-18 16:44:00.179 INFO  Before fetching the user query = SELECT * FROM User WHERE  publicKey = ?  
2020-08-18 16:44:52.021 INFO  Method: constructor: DBService constructor 
2020-08-18 16:44:52.021 INFO  No argument passed. Proceeding with default params 
2020-08-18 16:44:52.030 INFO  The server is running on port 9000 
2020-08-18 16:44:52.032 INFO  Connected to ssi-infa database. DB path = /home/vishwas/work/pki-auth/examples/website/server/db/app.db 
2020-08-18 16:44:58.035 INFO  Method: constructor: DBService constructor 
2020-08-18 16:44:58.035 INFO  No argument passed. Proceeding with default params 
2020-08-18 16:44:58.044 INFO  The server is running on port 9000 
2020-08-18 16:44:58.046 INFO  Connected to ssi-infa database. DB path = /home/vishwas/work/pki-auth/examples/website/server/db/app.db 
2020-08-18 16:45:03.216 DEBUG Inside login request  
2020-08-18 16:45:03.216 DEBUG Param to send in oauth request =  {"appId":"app_0598e629-78fb-49","appSecret":"app_ab08bf75-0975-40"} 
2020-08-18 16:45:03.242 DEBUG Paramas to send in login request = {"domainName":"http://localhost:9000","redirect_uri":"http://localhost:9000/api/auth/login/callback"} 
2020-08-18 16:45:03.242 DEBUG Headers for login reqest = {"x-auth-token":"eyJhbGciOiJIUzI1NiIsInR5cCI6IkpXVCJ9.eyJpZCI6ImFwcF8wNTk4ZTYyOS03OGZiLTQ5IiwiYXBwSWQiOiJhcHBfMDU5OGU2MjktNzhmYi00OSIsImFwcFNlY3JldCI6ImFwcF9hYjA4YmY3NS0wOTc1LTQwIiwiaXNBY3RpdmUiOiJ0cnVlIiwibmFtZSI6IlRlc3RBcHAiLCJ1c2VySWQiOiJ1c3JfMTA1NmFkN2UtZTkyOS00NCIsImlhdCI6MTU5Nzc0OTMwMywiZXhwIjoxNTk3OTg5MzAzfQ.BLoBnBlRoNoBSQcgca9YifjgEqfTE2dCE-uBH179ACw","Accept":"application/json","Content-Type":"application/json"} 
2020-08-18 16:45:03.257 DEBUG Before redirect url = http://localhost:5001/login?appId=app_0598e629-78fb-49&domainName=http://localhost:9000&redirect_uri=http://localhost:9000/api/auth/login/callback&challenge=360dbc79-0b60-43aa-9376-3613e06fe7b2&challengeToken=eyJhbGciOiJIUzI1NiIsInR5cCI6IkpXVCJ9.eyJhcHBJZCI6ImFwcF8wNTk4ZTYyOS03OGZiLTQ5IiwiZG9tYWluTmFtZSI6Imh0dHA6Ly9sb2NhbGhvc3Q6OTAwMCIsInJlZGlyZWN0X3VyaSI6Imh0dHA6Ly9sb2NhbGhvc3Q6OTAwMC9hcGkvYXV0aC9sb2dpbi9jYWxsYmFjayIsImNoYWxsZW5nZSI6IjM2MGRiYzc5LTBiNjAtNDNhYS05Mzc2LTM2MTNlMDZmZTdiMiIsImlhdCI6MTU5Nzc0OTMwMywiZXhwIjoxNTk3OTg5MzAzfQ.umVjmikS8fYGPPALgRqshoIdsFsDg6ZdCJAnKNwu1MI 
2020-08-18 16:45:12.267 DEBUG login_callback from authserver 
2020-08-18 16:45:12.273 DEBUG User data = [object Object] 
2020-08-18 16:45:12.273 INFO  Method: constructor: DBService constructor 
2020-08-18 16:45:12.274 INFO  Method: Get: schema type is USER 
2020-08-18 16:45:12.274 INFO  Before fetching the user query = SELECT * FROM User WHERE  email = ?  
2020-08-18 16:45:12.280 DEBUG Userstrgin in db = {"id":1,"fname":"Amit","lname":"Kumar","phoneNumber":"","username":"","password":"","email":"amit@gmail.com","publicKey":null,"hash":"","birthdate":"16/11/1992","jobTitle":"Engineer"} 
2020-08-18 16:53:22.852 INFO  Method: constructor: DBService constructor 
2020-08-18 16:53:22.852 INFO  No argument passed. Proceeding with default params 
2020-08-18 16:53:22.864 INFO  The server is running on port 9000 
2020-08-18 16:53:22.866 INFO  Connected to ssi-infa database. DB path = /home/vishwas/work/pki-auth/examples/website/server/db/app.db 
2020-08-18 17:04:55.905 DEBUG Inside login request  
2020-08-18 17:04:55.905 DEBUG Param to send in oauth request =  {"appId":"app_0598e629-78fb-49","appSecret":"app_ab08bf75-0975-40"} 
2020-08-18 17:04:55.974 DEBUG Paramas to send in login request = {"domainName":"http://localhost:9000","redirect_uri":"http://localhost:9000/api/auth/login/callback"} 
2020-08-18 17:04:55.974 DEBUG Headers for login reqest = {"x-auth-token":"eyJhbGciOiJIUzI1NiIsInR5cCI6IkpXVCJ9.eyJpZCI6ImFwcF8wNTk4ZTYyOS03OGZiLTQ5IiwiYXBwSWQiOiJhcHBfMDU5OGU2MjktNzhmYi00OSIsImFwcFNlY3JldCI6ImFwcF9hYjA4YmY3NS0wOTc1LTQwIiwiaXNBY3RpdmUiOiJ0cnVlIiwibmFtZSI6IlRlc3RBcHAiLCJ1c2VySWQiOiJ1c3JfMTA1NmFkN2UtZTkyOS00NCIsImlhdCI6MTU5Nzc1MDQ5NSwiZXhwIjoxNTk3OTkwNDk1fQ.jI_YK3yWWHNVHMe--BoIXA54VS8bitag-v7Rng7pty0","Accept":"application/json","Content-Type":"application/json"} 
2020-08-18 17:04:55.999 DEBUG Before redirect url = http://localhost:5001/login?appId=app_0598e629-78fb-49&domainName=http://localhost:9000&redirect_uri=http://localhost:9000/api/auth/login/callback&challenge=300a96ae-2a97-4328-a183-98517e62e077&challengeToken=eyJhbGciOiJIUzI1NiIsInR5cCI6IkpXVCJ9.eyJhcHBJZCI6ImFwcF8wNTk4ZTYyOS03OGZiLTQ5IiwiZG9tYWluTmFtZSI6Imh0dHA6Ly9sb2NhbGhvc3Q6OTAwMCIsInJlZGlyZWN0X3VyaSI6Imh0dHA6Ly9sb2NhbGhvc3Q6OTAwMC9hcGkvYXV0aC9sb2dpbi9jYWxsYmFjayIsImNoYWxsZW5nZSI6IjMwMGE5NmFlLTJhOTctNDMyOC1hMTgzLTk4NTE3ZTYyZTA3NyIsImlhdCI6MTU5Nzc1MDQ5NSwiZXhwIjoxNTk3OTkwNDk1fQ.cAbtI_2jrLiIPIcWRv3dtqupQaPwXBULGQNkuLEDvlY 
2020-08-18 17:05:15.275 DEBUG login_callback from authserver 
2020-08-18 17:05:15.280 DEBUG User data = [object Object] 
2020-08-18 17:05:15.280 INFO  Method: constructor: DBService constructor 
2020-08-18 17:05:15.280 INFO  Method: Get: schema type is USER 
2020-08-18 17:05:15.280 INFO  Before fetching the user query = SELECT * FROM User WHERE  email = ?  
2020-08-18 17:05:15.293 DEBUG Userstrgin in db = {"id":1,"fname":"Amit","lname":"Kumar","phoneNumber":"","username":"","password":"","email":"amit@gmail.com","publicKey":null,"hash":"","birthdate":"16/11/1992","jobTitle":"Engineer"} 
2020-08-18 17:06:46.331 INFO  Method: constructor: DBService constructor 
2020-08-18 17:06:46.332 INFO  No argument passed. Proceeding with default params 
2020-08-18 17:06:46.343 INFO  The server is running on port 9000 
2020-08-18 17:06:46.344 INFO  Connected to ssi-infa database. DB path = /home/vishwas/work/pki-auth/examples/website/server/db/app.db 
2020-08-18 17:08:36.696 DEBUG Inside login request  
2020-08-18 17:08:36.696 DEBUG Param to send in oauth request =  {"appId":"app_0598e629-78fb-49","appSecret":"app_ab08bf75-0975-40"} 
2020-08-18 17:08:36.742 DEBUG Paramas to send in login request = {"domainName":"http://localhost:9000","redirect_uri":"http://localhost:9000/api/auth/login/callback"} 
2020-08-18 17:08:36.747 DEBUG Headers for login reqest = {"x-auth-token":"eyJhbGciOiJIUzI1NiIsInR5cCI6IkpXVCJ9.eyJpZCI6ImFwcF8wNTk4ZTYyOS03OGZiLTQ5IiwiYXBwSWQiOiJhcHBfMDU5OGU2MjktNzhmYi00OSIsImFwcFNlY3JldCI6ImFwcF9hYjA4YmY3NS0wOTc1LTQwIiwiaXNBY3RpdmUiOiJ0cnVlIiwibmFtZSI6IlRlc3RBcHAiLCJ1c2VySWQiOiJ1c3JfMTA1NmFkN2UtZTkyOS00NCIsImlhdCI6MTU5Nzc1MDcxNiwiZXhwIjoxNTk3OTkwNzE2fQ.80FiKeRs6Pga1_03b9tfY1IHe22fOQuWHrVQ6_YwBFM","Accept":"application/json","Content-Type":"application/json"} 
2020-08-18 17:08:36.780 DEBUG Before redirect url = http://localhost:5001/login?appId=app_0598e629-78fb-49&domainName=http://localhost:9000&redirect_uri=http://localhost:9000/api/auth/login/callback&challenge=266964d1-0488-4234-a2d6-4c18721e6d0d&challengeToken=eyJhbGciOiJIUzI1NiIsInR5cCI6IkpXVCJ9.eyJhcHBJZCI6ImFwcF8wNTk4ZTYyOS03OGZiLTQ5IiwiZG9tYWluTmFtZSI6Imh0dHA6Ly9sb2NhbGhvc3Q6OTAwMCIsInJlZGlyZWN0X3VyaSI6Imh0dHA6Ly9sb2NhbGhvc3Q6OTAwMC9hcGkvYXV0aC9sb2dpbi9jYWxsYmFjayIsImNoYWxsZW5nZSI6IjI2Njk2NGQxLTA0ODgtNDIzNC1hMmQ2LTRjMTg3MjFlNmQwZCIsImlhdCI6MTU5Nzc1MDcxNiwiZXhwIjoxNTk3OTkwNzE2fQ.Eo6k3e_-B415W9StuKgoy8AwSz25tNdIUSsgG3EbDoM 
2020-08-18 17:08:47.114 DEBUG login_callback from authserver 
2020-08-18 17:08:47.123 DEBUG User data = [object Object] 
2020-08-18 17:08:47.123 INFO  Method: constructor: DBService constructor 
2020-08-18 17:08:47.124 INFO  Method: Get: schema type is USER 
2020-08-18 17:08:47.124 INFO  Before fetching the user query = SELECT * FROM User WHERE  email = ?  
2020-08-18 17:08:47.136 DEBUG Userstrgin in db = {"id":1,"fname":"Amit","lname":"Kumar","phoneNumber":"","username":"","password":"","email":"amit@gmail.com","publicKey":null,"hash":"","birthdate":"16/11/1992","jobTitle":"Engineer"} 
2020-08-18 17:11:29.208 DEBUG Inside login request  
2020-08-18 17:11:29.208 DEBUG Param to send in oauth request =  {"appId":"app_0598e629-78fb-49","appSecret":"app_ab08bf75-0975-40"} 
2020-08-18 17:11:29.231 DEBUG Paramas to send in login request = {"domainName":"http://localhost:9000","redirect_uri":"http://localhost:9000/api/auth/login/callback"} 
2020-08-18 17:11:29.231 DEBUG Headers for login reqest = {"x-auth-token":"eyJhbGciOiJIUzI1NiIsInR5cCI6IkpXVCJ9.eyJpZCI6ImFwcF8wNTk4ZTYyOS03OGZiLTQ5IiwiYXBwSWQiOiJhcHBfMDU5OGU2MjktNzhmYi00OSIsImFwcFNlY3JldCI6ImFwcF9hYjA4YmY3NS0wOTc1LTQwIiwiaXNBY3RpdmUiOiJ0cnVlIiwibmFtZSI6IlRlc3RBcHAiLCJ1c2VySWQiOiJ1c3JfMTA1NmFkN2UtZTkyOS00NCIsImlhdCI6MTU5Nzc1MDg4OSwiZXhwIjoxNTk3OTkwODg5fQ.9GmlTrYD1wwFsfN03Hk-0pCXwDpT5ZS5Rdft0j025Yw","Accept":"application/json","Content-Type":"application/json"} 
2020-08-18 17:11:29.242 DEBUG Before redirect url = http://localhost:5001/login?appId=app_0598e629-78fb-49&domainName=http://localhost:9000&redirect_uri=http://localhost:9000/api/auth/login/callback&challenge=7810fc56-4101-4155-8ed4-cbe81a2a3af0&challengeToken=eyJhbGciOiJIUzI1NiIsInR5cCI6IkpXVCJ9.eyJhcHBJZCI6ImFwcF8wNTk4ZTYyOS03OGZiLTQ5IiwiZG9tYWluTmFtZSI6Imh0dHA6Ly9sb2NhbGhvc3Q6OTAwMCIsInJlZGlyZWN0X3VyaSI6Imh0dHA6Ly9sb2NhbGhvc3Q6OTAwMC9hcGkvYXV0aC9sb2dpbi9jYWxsYmFjayIsImNoYWxsZW5nZSI6Ijc4MTBmYzU2LTQxMDEtNDE1NS04ZWQ0LWNiZTgxYTJhM2FmMCIsImlhdCI6MTU5Nzc1MDg4OSwiZXhwIjoxNTk3OTkwODg5fQ.zHBj-ZcJSkycl74d5m4eqfkai74fmdkeS1XK1UyXQJQ 
2020-08-18 17:11:41.488 DEBUG login_callback from authserver 
2020-08-18 17:11:41.491 DEBUG User data = [object Object] 
2020-08-18 17:11:41.491 INFO  Method: constructor: DBService constructor 
2020-08-18 17:11:41.491 INFO  Method: Get: schema type is USER 
2020-08-18 17:11:41.491 INFO  Before fetching the user query = SELECT * FROM User WHERE  email = ?  
2020-08-18 17:11:41.494 DEBUG Userstrgin in db = {"id":1,"fname":"Amit","lname":"Kumar","phoneNumber":"","username":"","password":"","email":"amit@gmail.com","publicKey":null,"hash":"","birthdate":"16/11/1992","jobTitle":"Engineer"} 
2020-08-18 17:12:26.395 DEBUG Inside login request  
2020-08-18 17:12:26.395 DEBUG Param to send in oauth request =  {"appId":"app_0598e629-78fb-49","appSecret":"app_ab08bf75-0975-40"} 
2020-08-18 17:12:26.403 DEBUG Paramas to send in login request = {"domainName":"http://localhost:9000","redirect_uri":"http://localhost:9000/api/auth/login/callback"} 
2020-08-18 17:12:26.403 DEBUG Headers for login reqest = {"x-auth-token":"eyJhbGciOiJIUzI1NiIsInR5cCI6IkpXVCJ9.eyJpZCI6ImFwcF8wNTk4ZTYyOS03OGZiLTQ5IiwiYXBwSWQiOiJhcHBfMDU5OGU2MjktNzhmYi00OSIsImFwcFNlY3JldCI6ImFwcF9hYjA4YmY3NS0wOTc1LTQwIiwiaXNBY3RpdmUiOiJ0cnVlIiwibmFtZSI6IlRlc3RBcHAiLCJ1c2VySWQiOiJ1c3JfMTA1NmFkN2UtZTkyOS00NCIsImlhdCI6MTU5Nzc1MDk0NiwiZXhwIjoxNTk3OTkwOTQ2fQ.o8Ckg3dEl1iNJWwblhYEVRheMLullqwF6Hppb9aB1C8","Accept":"application/json","Content-Type":"application/json"} 
2020-08-18 17:12:26.410 DEBUG Before redirect url = http://localhost:5001/login?appId=app_0598e629-78fb-49&domainName=http://localhost:9000&redirect_uri=http://localhost:9000/api/auth/login/callback&challenge=903b78f8-f04c-42a4-a35a-636792e42f81&challengeToken=eyJhbGciOiJIUzI1NiIsInR5cCI6IkpXVCJ9.eyJhcHBJZCI6ImFwcF8wNTk4ZTYyOS03OGZiLTQ5IiwiZG9tYWluTmFtZSI6Imh0dHA6Ly9sb2NhbGhvc3Q6OTAwMCIsInJlZGlyZWN0X3VyaSI6Imh0dHA6Ly9sb2NhbGhvc3Q6OTAwMC9hcGkvYXV0aC9sb2dpbi9jYWxsYmFjayIsImNoYWxsZW5nZSI6IjkwM2I3OGY4LWYwNGMtNDJhNC1hMzVhLTYzNjc5MmU0MmY4MSIsImlhdCI6MTU5Nzc1MDk0NiwiZXhwIjoxNTk3OTkwOTQ2fQ.Sw_OpD2AIJ2jerWeFTdnVezFgXcYd9-FBP98OwktzZU 
2020-08-18 17:12:36.940 DEBUG login_callback from authserver 
2020-08-18 17:12:36.941 DEBUG User data = [object Object] 
2020-08-18 17:12:36.941 INFO  Method: constructor: DBService constructor 
2020-08-18 17:12:36.941 INFO  Method: Get: schema type is USER 
2020-08-18 17:12:36.941 INFO  Before fetching the user query = SELECT * FROM User WHERE  email = ?  
2020-08-18 17:12:36.943 DEBUG Userstrgin in db = {"id":1,"fname":"Amit","lname":"Kumar","phoneNumber":"","username":"","password":"","email":"amit@gmail.com","publicKey":null,"hash":"","birthdate":"16/11/1992","jobTitle":"Engineer"} 
2020-08-18 17:13:41.990 DEBUG Inside login request  
2020-08-18 17:13:41.990 DEBUG Param to send in oauth request =  {"appId":"app_0598e629-78fb-49","appSecret":"app_ab08bf75-0975-40"} 
2020-08-18 17:13:42.016 DEBUG Paramas to send in login request = {"domainName":"http://localhost:9000","redirect_uri":"http://localhost:9000/api/auth/login/callback"} 
2020-08-18 17:13:42.016 DEBUG Headers for login reqest = {"x-auth-token":"eyJhbGciOiJIUzI1NiIsInR5cCI6IkpXVCJ9.eyJpZCI6ImFwcF8wNTk4ZTYyOS03OGZiLTQ5IiwiYXBwSWQiOiJhcHBfMDU5OGU2MjktNzhmYi00OSIsImFwcFNlY3JldCI6ImFwcF9hYjA4YmY3NS0wOTc1LTQwIiwiaXNBY3RpdmUiOiJ0cnVlIiwibmFtZSI6IlRlc3RBcHAiLCJ1c2VySWQiOiJ1c3JfMTA1NmFkN2UtZTkyOS00NCIsImlhdCI6MTU5Nzc1MTAyMiwiZXhwIjoxNTk3OTkxMDIyfQ.kQzX49CD1iKjH50z_YTap_K-6vbl4TIkKIQIVKLgkcs","Accept":"application/json","Content-Type":"application/json"} 
2020-08-18 17:13:42.033 DEBUG Before redirect url = http://localhost:5001/login?appId=app_0598e629-78fb-49&domainName=http://localhost:9000&redirect_uri=http://localhost:9000/api/auth/login/callback&challenge=2457e981-9712-420b-9cea-1688cf707661&challengeToken=eyJhbGciOiJIUzI1NiIsInR5cCI6IkpXVCJ9.eyJhcHBJZCI6ImFwcF8wNTk4ZTYyOS03OGZiLTQ5IiwiZG9tYWluTmFtZSI6Imh0dHA6Ly9sb2NhbGhvc3Q6OTAwMCIsInJlZGlyZWN0X3VyaSI6Imh0dHA6Ly9sb2NhbGhvc3Q6OTAwMC9hcGkvYXV0aC9sb2dpbi9jYWxsYmFjayIsImNoYWxsZW5nZSI6IjI0NTdlOTgxLTk3MTItNDIwYi05Y2VhLTE2ODhjZjcwNzY2MSIsImlhdCI6MTU5Nzc1MTAyMiwiZXhwIjoxNTk3OTkxMDIyfQ.3ked9TuquO762WSYEFWDb1P0c_evKtMu_FTzNP6uz88 
2020-08-18 17:14:05.593 DEBUG login_callback from authserver 
2020-08-18 17:14:05.596 DEBUG User data = [object Object] 
2020-08-18 17:14:05.596 INFO  Method: constructor: DBService constructor 
2020-08-18 17:14:05.596 INFO  Method: Get: schema type is USER 
2020-08-18 17:14:05.596 INFO  Before fetching the user query = SELECT * FROM User WHERE  email = ?  
2020-08-18 17:14:05.600 DEBUG Userstrgin in db = {"id":1,"fname":"Amit","lname":"Kumar","phoneNumber":"","username":"","password":"","email":"amit@gmail.com","publicKey":null,"hash":"","birthdate":"16/11/1992","jobTitle":"Engineer"} 
2020-08-18 17:14:59.484 DEBUG Inside login request  
2020-08-18 17:14:59.484 DEBUG Param to send in oauth request =  {"appId":"app_0598e629-78fb-49","appSecret":"app_ab08bf75-0975-40"} 
2020-08-18 17:14:59.511 DEBUG Paramas to send in login request = {"domainName":"http://localhost:9000","redirect_uri":"http://localhost:9000/api/auth/login/callback"} 
2020-08-18 17:14:59.511 DEBUG Headers for login reqest = {"x-auth-token":"eyJhbGciOiJIUzI1NiIsInR5cCI6IkpXVCJ9.eyJpZCI6ImFwcF8wNTk4ZTYyOS03OGZiLTQ5IiwiYXBwSWQiOiJhcHBfMDU5OGU2MjktNzhmYi00OSIsImFwcFNlY3JldCI6ImFwcF9hYjA4YmY3NS0wOTc1LTQwIiwiaXNBY3RpdmUiOiJ0cnVlIiwibmFtZSI6IlRlc3RBcHAiLCJ1c2VySWQiOiJ1c3JfMTA1NmFkN2UtZTkyOS00NCIsImlhdCI6MTU5Nzc1MTA5OSwiZXhwIjoxNTk3OTkxMDk5fQ.pp8gXS9DFpdfIlQhyx3DiOIDXnbDNheSsU8hfNFydR0","Accept":"application/json","Content-Type":"application/json"} 
2020-08-18 17:14:59.548 DEBUG Before redirect url = http://localhost:5001/login?appId=app_0598e629-78fb-49&domainName=http://localhost:9000&redirect_uri=http://localhost:9000/api/auth/login/callback&challenge=302cc6de-9a46-40ff-8f63-110f59924cab&challengeToken=eyJhbGciOiJIUzI1NiIsInR5cCI6IkpXVCJ9.eyJhcHBJZCI6ImFwcF8wNTk4ZTYyOS03OGZiLTQ5IiwiZG9tYWluTmFtZSI6Imh0dHA6Ly9sb2NhbGhvc3Q6OTAwMCIsInJlZGlyZWN0X3VyaSI6Imh0dHA6Ly9sb2NhbGhvc3Q6OTAwMC9hcGkvYXV0aC9sb2dpbi9jYWxsYmFjayIsImNoYWxsZW5nZSI6IjMwMmNjNmRlLTlhNDYtNDBmZi04ZjYzLTExMGY1OTkyNGNhYiIsImlhdCI6MTU5Nzc1MTA5OSwiZXhwIjoxNTk3OTkxMDk5fQ.G_DwNTxm8IauFC5JJNuAjl_6bO_hafv-HJMn74265hQ 
2020-08-18 17:15:10.781 DEBUG login_callback from authserver 
2020-08-18 17:15:10.782 DEBUG User data = [object Object] 
2020-08-18 17:15:10.782 INFO  Method: constructor: DBService constructor 
2020-08-18 17:15:10.782 INFO  Method: Get: schema type is USER 
2020-08-18 17:15:10.782 INFO  Before fetching the user query = SELECT * FROM User WHERE  email = ?  
2020-08-18 17:15:10.787 DEBUG Userstrgin in db = {"id":1,"fname":"Amit","lname":"Kumar","phoneNumber":"","username":"","password":"","email":"amit@gmail.com","publicKey":null,"hash":"","birthdate":"16/11/1992","jobTitle":"Engineer"} 
2020-08-18 17:18:13.553 INFO  Method: constructor: DBService constructor 
2020-08-18 17:18:13.553 INFO  No argument passed. Proceeding with default params 
2020-08-18 17:18:13.563 INFO  The server is running on port 9000 
2020-08-18 17:18:13.563 INFO  Connected to ssi-infa database. DB path = /home/vishwas/work/pki-auth/examples/website/server/db/app.db 
